[2026-03-05T11:00:12.510+0000] {local_task_job_runner.py:120} INFO - ::group::Pre task execution logs
[2026-03-05T11:00:12.534+0000] {taskinstance.py:2076} INFO - Dependencies all met for dep_context=non-requeueable deps ti=<TaskInstance: temperature_load_dag.check_load scheduled__2026-03-04T02:00:00+00:00 [queued]>
[2026-03-05T11:00:12.541+0000] {taskinstance.py:2076} INFO - Dependencies all met for dep_context=requeueable deps ti=<TaskInstance: temperature_load_dag.check_load scheduled__2026-03-04T02:00:00+00:00 [queued]>
[2026-03-05T11:00:12.541+0000] {taskinstance.py:2306} INFO - Starting attempt 1 of 2
[2026-03-05T11:00:12.550+0000] {taskinstance.py:2330} INFO - Executing <Task(PythonOperator): check_load> on 2026-03-04 02:00:00+00:00
[2026-03-05T11:00:12.556+0000] {standard_task_runner.py:90} INFO - Running: ['***', 'tasks', 'run', 'temperature_load_dag', 'check_load', 'scheduled__2026-03-04T02:00:00+00:00', '--job-id', '8', '--raw', '--subdir', 'DAGS_FOLDER/temperature_load_dag.py', '--cfg-path', '/tmp/tmp9nrjtpom']
[2026-03-05T11:00:12.558+0000] {standard_task_runner.py:91} INFO - Job 8: Subtask check_load
[2026-03-05T11:00:12.559+0000] {logging_mixin.py:188} WARNING - /home/***/.local/lib/python3.12/site-packages/***/task/task_runner/standard_task_runner.py:62 DeprecationWarning: This process (pid=187) is multi-threaded, use of fork() may lead to deadlocks in the child.
[2026-03-05T11:00:12.559+0000] {standard_task_runner.py:64} INFO - Started process 204 to run task
[2026-03-05T11:00:12.610+0000] {task_command.py:426} INFO - Running <TaskInstance: temperature_load_dag.check_load scheduled__2026-03-04T02:00:00+00:00 [running]> on host ad8b77f7a6a6
[2026-03-05T11:00:12.679+0000] {taskinstance.py:2648} INFO - Exporting env vars: AIRFLOW_CTX_DAG_OWNER='student' AIRFLOW_CTX_DAG_ID='temperature_load_dag' AIRFLOW_CTX_TASK_ID='check_load' AIRFLOW_CTX_EXECUTION_DATE='2026-03-04T02:00:00+00:00' AIRFLOW_CTX_TRY_NUMBER='1' AIRFLOW_CTX_DAG_RUN_ID='scheduled__2026-03-04T02:00:00+00:00'
[2026-03-05T11:00:12.680+0000] {taskinstance.py:430} INFO - ::endgroup::
[2026-03-05T11:00:12.700+0000] {logging_mixin.py:188} INFO - Всего записей в БД: 20345
[2026-03-05T11:00:12.701+0000] {logging_mixin.py:188} INFO - Загрузок типа 'full': 1
[2026-03-05T11:00:12.701+0000] {python.py:237} INFO - Done. Returned value was: None
[2026-03-05T11:00:12.702+0000] {taskinstance.py:441} INFO - ::group::Post task execution logs
[2026-03-05T11:00:12.711+0000] {taskinstance.py:1206} INFO - Marking task as SUCCESS. dag_id=temperature_load_dag, task_id=check_load, run_id=scheduled__2026-03-04T02:00:00+00:00, execution_date=20260304T020000, start_date=20260305T110012, end_date=20260305T110012
[2026-03-05T11:00:12.733+0000] {local_task_job_runner.py:243} INFO - Task exited with return code 0
[2026-03-05T11:00:12.747+0000] {taskinstance.py:3503} INFO - 0 downstream tasks scheduled from follow-on schedule check
[2026-03-05T11:00:12.749+0000] {local_task_job_runner.py:222} INFO - ::endgroup::
