[2026-03-05T11:04:55.802+0000] {local_task_job_runner.py:120} INFO - ::group::Pre task execution logs
[2026-03-05T11:04:55.826+0000] {taskinstance.py:2076} INFO - Dependencies all met for dep_context=non-requeueable deps ti=<TaskInstance: analytics_marts.check_marts scheduled__2026-03-04T04:00:00+00:00 [queued]>
[2026-03-05T11:04:55.832+0000] {taskinstance.py:2076} INFO - Dependencies all met for dep_context=requeueable deps ti=<TaskInstance: analytics_marts.check_marts scheduled__2026-03-04T04:00:00+00:00 [queued]>
[2026-03-05T11:04:55.833+0000] {taskinstance.py:2306} INFO - Starting attempt 1 of 2
[2026-03-05T11:04:55.841+0000] {taskinstance.py:2330} INFO - Executing <Task(PythonOperator): check_marts> on 2026-03-04 04:00:00+00:00
[2026-03-05T11:04:55.847+0000] {standard_task_runner.py:90} INFO - Running: ['***', 'tasks', 'run', 'analytics_marts', 'check_marts', 'scheduled__2026-03-04T04:00:00+00:00', '--job-id', '40', '--raw', '--subdir', 'DAGS_FOLDER/analytics_marts.py', '--cfg-path', '/tmp/tmpjh8sxf96']
[2026-03-05T11:04:55.850+0000] {standard_task_runner.py:91} INFO - Job 40: Subtask check_marts
[2026-03-05T11:04:55.850+0000] {logging_mixin.py:188} WARNING - /home/***/.local/lib/python3.12/site-packages/***/task/task_runner/standard_task_runner.py:62 DeprecationWarning: This process (pid=710) is multi-threaded, use of fork() may lead to deadlocks in the child.
[2026-03-05T11:04:55.850+0000] {standard_task_runner.py:64} INFO - Started process 727 to run task
[2026-03-05T11:04:55.905+0000] {task_command.py:426} INFO - Running <TaskInstance: analytics_marts.check_marts scheduled__2026-03-04T04:00:00+00:00 [running]> on host ad8b77f7a6a6
[2026-03-05T11:04:55.976+0000] {taskinstance.py:2648} INFO - Exporting env vars: AIRFLOW_CTX_DAG_OWNER='student' AIRFLOW_CTX_DAG_ID='analytics_marts' AIRFLOW_CTX_TASK_ID='check_marts' AIRFLOW_CTX_EXECUTION_DATE='2026-03-04T04:00:00+00:00' AIRFLOW_CTX_TRY_NUMBER='1' AIRFLOW_CTX_DAG_RUN_ID='scheduled__2026-03-04T04:00:00+00:00'
[2026-03-05T11:04:55.977+0000] {taskinstance.py:430} INFO - ::endgroup::
[2026-03-05T11:04:55.989+0000] {logging_mixin.py:188} INFO - 
Проверка витрин:
[2026-03-05T11:04:55.998+0000] {logging_mixin.py:188} INFO -   mart_user_activity: 49 записей
[2026-03-05T11:04:56.001+0000] {logging_mixin.py:188} INFO -   mart_support_stats: 4 записей
[2026-03-05T11:04:56.002+0000] {logging_mixin.py:188} INFO -   mart_issue_types: 5 записей
[2026-03-05T11:04:56.009+0000] {logging_mixin.py:188} INFO - 
Топ пользователей:
[2026-03-05T11:04:56.010+0000] {logging_mixin.py:188} INFO -   user_45: 8 сессий, 144.0 мин
[2026-03-05T11:04:56.010+0000] {logging_mixin.py:188} INFO -   user_39: 7 сессий, 246.0 мин
[2026-03-05T11:04:56.011+0000] {logging_mixin.py:188} INFO -   user_34: 7 сессий, 212.0 мин
[2026-03-05T11:04:56.011+0000] {logging_mixin.py:188} INFO -   user_40: 7 сессий, 212.0 мин
[2026-03-05T11:04:56.011+0000] {logging_mixin.py:188} INFO -   user_41: 7 сессий, 248.0 мин
[2026-03-05T11:04:56.013+0000] {logging_mixin.py:188} INFO - 
Статусы тикетов:
[2026-03-05T11:04:56.014+0000] {logging_mixin.py:188} INFO -   resolved: 16 шт, ср.7.6 ч
[2026-03-05T11:04:56.014+0000] {logging_mixin.py:188} INFO -   open: 14 шт, ср.21.0 ч
[2026-03-05T11:04:56.014+0000] {logging_mixin.py:188} INFO -   in_progress: 11 шт, ср.21.1 ч
[2026-03-05T11:04:56.015+0000] {logging_mixin.py:188} INFO -   closed: 9 шт, ср.28.3 ч
[2026-03-05T11:04:56.015+0000] {python.py:237} INFO - Done. Returned value was: None
[2026-03-05T11:04:56.016+0000] {taskinstance.py:441} INFO - ::group::Post task execution logs
[2026-03-05T11:04:56.025+0000] {taskinstance.py:1206} INFO - Marking task as SUCCESS. dag_id=analytics_marts, task_id=check_marts, run_id=scheduled__2026-03-04T04:00:00+00:00, execution_date=20260304T040000, start_date=20260305T110455, end_date=20260305T110456
[2026-03-05T11:04:56.064+0000] {local_task_job_runner.py:243} INFO - Task exited with return code 0
[2026-03-05T11:04:56.079+0000] {taskinstance.py:3503} INFO - 0 downstream tasks scheduled from follow-on schedule check
[2026-03-05T11:04:56.081+0000] {local_task_job_runner.py:222} INFO - ::endgroup::
