[2026-03-05T10:59:28.563+0000] {manager.py:470} INFO - Processing files using up to 2 processes at a time 
[2026-03-05T10:59:28.564+0000] {manager.py:471} INFO - Process each file at most once every 30 seconds
[2026-03-05T10:59:28.565+0000] {manager.py:472} INFO - Checking for new files in /opt/airflow/dags every 300 seconds
[2026-03-05T10:59:28.565+0000] {manager.py:737} INFO - Searching for files in /opt/airflow/dags
[2026-03-05T10:59:28.630+0000] {manager.py:740} INFO - There are 5 files in /opt/airflow/dags
[2026-03-05T10:59:28.730+0000] {manager.py:878} INFO - 
================================================================================
DAG File Processing Stats

File Path                                       PID  Runtime      # DAGs    # Errors  Last Runtime    Last Run
--------------------------------------------  -----  ---------  --------  ----------  --------------  ----------
/opt/airflow/dags/analytics_marts.py                                   0           0
/opt/airflow/dags/mongo_dag.py                   33  0.05s             0           0
/opt/airflow/dags/mongo_to_postgres.py           34  0.04s             0           0
/opt/airflow/dags/simple_temperature_task.py                           0           0
/opt/airflow/dags/temperature_load_dag.py                              0           0
================================================================================
[2026-03-05T10:59:58.889+0000] {manager.py:878} INFO - 
================================================================================
DAG File Processing Stats

File Path                                       PID  Runtime      # DAGs    # Errors  Last Runtime    Last Run
--------------------------------------------  -----  ---------  --------  ----------  --------------  -------------------
/opt/airflow/dags/analytics_marts.py                                   1           0  1.37s           2026-03-05T10:59:30
/opt/airflow/dags/simple_temperature_task.py                           1           0  0.56s           2026-03-05T10:59:30
/opt/airflow/dags/temperature_load_dag.py                              1           0  0.56s           2026-03-05T10:59:30
/opt/airflow/dags/mongo_dag.py                   90  0.01s             0           1  0.07s           2026-03-05T10:59:28
/opt/airflow/dags/mongo_to_postgres.py           91  0.00s             0           1  0.07s           2026-03-05T10:59:28
================================================================================
[2026-03-05T11:00:29.523+0000] {manager.py:878} INFO - 
================================================================================
DAG File Processing Stats

File Path                                       PID  Runtime      # DAGs    # Errors  Last Runtime    Last Run
--------------------------------------------  -----  ---------  --------  ----------  --------------  -------------------
/opt/airflow/dags/analytics_marts.py                                   1           0  0.37s           2026-03-05T11:00:01
/opt/airflow/dags/temperature_load_dag.py                              1           0  0.34s           2026-03-05T11:00:01
/opt/airflow/dags/simple_temperature_task.py                           1           0  0.34s           2026-03-05T11:00:01
/opt/airflow/dags/mongo_dag.py                  205  0.01s             0           1  0.05s           2026-03-05T10:59:58
/opt/airflow/dags/mongo_to_postgres.py          206  0.00s             0           1  0.05s           2026-03-05T10:59:58
================================================================================
[2026-03-05T11:00:37.095+0000] {manager.py:452} INFO - Exiting gracefully upon receiving signal 15
[2026-03-05T11:01:27.601+0000] {manager.py:470} INFO - Processing files using up to 2 processes at a time 
[2026-03-05T11:01:27.602+0000] {manager.py:471} INFO - Process each file at most once every 30 seconds
[2026-03-05T11:01:27.602+0000] {manager.py:472} INFO - Checking for new files in /opt/airflow/dags every 300 seconds
[2026-03-05T11:01:27.603+0000] {manager.py:737} INFO - Searching for files in /opt/airflow/dags
[2026-03-05T11:01:27.639+0000] {manager.py:740} INFO - There are 5 files in /opt/airflow/dags
[2026-03-05T11:01:27.725+0000] {manager.py:878} INFO - 
================================================================================
DAG File Processing Stats

File Path                                       PID  Runtime      # DAGs    # Errors  Last Runtime    Last Run
--------------------------------------------  -----  ---------  --------  ----------  --------------  ----------
/opt/airflow/dags/analytics_marts.py                                   0           0
/opt/airflow/dags/mongo_dag.py                   33  0.04s             0           0
/opt/airflow/dags/mongo_to_postgres.py           34  0.03s             0           0
/opt/airflow/dags/simple_temperature_task.py                           0           0
/opt/airflow/dags/temperature_load_dag.py                              0           0
================================================================================
[2026-03-05T11:01:58.634+0000] {manager.py:878} INFO - 
================================================================================
DAG File Processing Stats

File Path                                       PID  Runtime      # DAGs    # Errors  Last Runtime    Last Run
--------------------------------------------  -----  ---------  --------  ----------  --------------  -------------------
/opt/airflow/dags/analytics_marts.py                                   1           0  0.33s           2026-03-05T11:01:28
/opt/airflow/dags/temperature_load_dag.py                              1           0  0.32s           2026-03-05T11:01:28
/opt/airflow/dags/simple_temperature_task.py                           1           0  0.32s           2026-03-05T11:01:28
/opt/airflow/dags/mongo_dag.py                   41  0.01s             0           1  0.06s           2026-03-05T11:01:27
/opt/airflow/dags/mongo_to_postgres.py           42  0.00s             0           1  0.06s           2026-03-05T11:01:27
================================================================================
[2026-03-05T11:02:28.813+0000] {manager.py:878} INFO - 
================================================================================
DAG File Processing Stats

File Path                                       PID  Runtime      # DAGs    # Errors  Last Runtime    Last Run
--------------------------------------------  -----  ---------  --------  ----------  --------------  -------------------
/opt/airflow/dags/temperature_load_dag.py                              1           0  0.53s           2026-03-05T11:01:59
/opt/airflow/dags/simple_temperature_task.py                           1           0  0.53s           2026-03-05T11:01:59
/opt/airflow/dags/analytics_marts.py                                   1           0  0.37s           2026-03-05T11:01:59
/opt/airflow/dags/mongo_dag.py                   49  0.01s             0           1  0.06s           2026-03-05T11:01:58
/opt/airflow/dags/mongo_to_postgres.py           50  0.00s             0           1  0.05s           2026-03-05T11:01:58
================================================================================
[2026-03-05T11:02:59.430+0000] {manager.py:878} INFO - 
================================================================================
DAG File Processing Stats

File Path                                       PID  Runtime      # DAGs    # Errors  Last Runtime    Last Run
--------------------------------------------  -----  ---------  --------  ----------  --------------  -------------------
/opt/airflow/dags/temperature_load_dag.py                              1           0  0.33s           2026-03-05T11:02:30
/opt/airflow/dags/analytics_marts.py                                   1           0  0.33s           2026-03-05T11:02:30
/opt/airflow/dags/simple_temperature_task.py                           1           0  0.31s           2026-03-05T11:02:30
/opt/airflow/dags/mongo_dag.py                   80  0.01s             0           1  0.05s           2026-03-05T11:02:28
/opt/airflow/dags/mongo_to_postgres.py           81  0.00s             0           1  0.05s           2026-03-05T11:02:28
================================================================================
[2026-03-05T11:03:29.774+0000] {manager.py:878} INFO - 
================================================================================
DAG File Processing Stats

File Path                                       PID  Runtime      # DAGs    # Errors  Last Runtime    Last Run
--------------------------------------------  -----  ---------  --------  ----------  --------------  -------------------
/opt/airflow/dags/mongo_to_postgres.py                                 1           0  0.54s           2026-03-05T11:02:59
/opt/airflow/dags/temperature_load_dag.py                              1           0  0.49s           2026-03-05T11:03:01
/opt/airflow/dags/analytics_marts.py                                   1           0  0.48s           2026-03-05T11:03:01
/opt/airflow/dags/simple_temperature_task.py                           1           0  0.42s           2026-03-05T11:03:01
/opt/airflow/dags/mongo_dag.py                  225  0.00s             1           0  0.25s           2026-03-05T11:02:59
================================================================================
[2026-03-05T11:03:59.832+0000] {manager.py:878} INFO - 
================================================================================
DAG File Processing Stats

File Path                                     PID    Runtime      # DAGs    # Errors  Last Runtime    Last Run
--------------------------------------------  -----  ---------  --------  ----------  --------------  -------------------
/opt/airflow/dags/mongo_to_postgres.py                                 1           0  0.50s           2026-03-05T11:03:31
/opt/airflow/dags/temperature_load_dag.py                              1           0  0.34s           2026-03-05T11:03:31
/opt/airflow/dags/analytics_marts.py                                   1           0  0.34s           2026-03-05T11:03:31
/opt/airflow/dags/simple_temperature_task.py                           1           0  0.33s           2026-03-05T11:03:31
/opt/airflow/dags/mongo_dag.py                                         1           0  0.15s           2026-03-05T11:03:29
================================================================================
[2026-03-05T11:04:29.987+0000] {manager.py:878} INFO - 
================================================================================
DAG File Processing Stats

File Path                                     PID    Runtime      # DAGs    # Errors  Last Runtime    Last Run
--------------------------------------------  -----  ---------  --------  ----------  --------------  -------------------
/opt/airflow/dags/mongo_to_postgres.py                                 1           0  0.53s           2026-03-05T11:04:01
/opt/airflow/dags/temperature_load_dag.py                              1           0  0.48s           2026-03-05T11:04:02
/opt/airflow/dags/analytics_marts.py                                   1           0  0.46s           2026-03-05T11:04:02
/opt/airflow/dags/simple_temperature_task.py                           1           0  0.43s           2026-03-05T11:04:02
/opt/airflow/dags/mongo_dag.py                                         1           0  0.20s           2026-03-05T11:04:00
================================================================================
[2026-03-05T11:05:00.604+0000] {manager.py:878} INFO - 
================================================================================
DAG File Processing Stats

File Path                                     PID    Runtime      # DAGs    # Errors  Last Runtime    Last Run
--------------------------------------------  -----  ---------  --------  ----------  --------------  -------------------
/opt/airflow/dags/mongo_to_postgres.py                                 1           0  0.51s           2026-03-05T11:04:33
/opt/airflow/dags/analytics_marts.py                                   1           0  0.46s           2026-03-05T11:04:33
/opt/airflow/dags/temperature_load_dag.py                              1           0  0.33s           2026-03-05T11:04:33
/opt/airflow/dags/simple_temperature_task.py                           1           0  0.32s           2026-03-05T11:04:33
/opt/airflow/dags/mongo_dag.py                                         1           0  0.16s           2026-03-05T11:04:30
================================================================================
[2026-03-05T11:05:30.726+0000] {manager.py:878} INFO - 
================================================================================
DAG File Processing Stats

File Path                                     PID    Runtime      # DAGs    # Errors  Last Runtime    Last Run
--------------------------------------------  -----  ---------  --------  ----------  --------------  -------------------
/opt/airflow/dags/mongo_to_postgres.py                                 1           0  0.47s           2026-03-05T11:05:04
/opt/airflow/dags/temperature_load_dag.py                              1           0  0.44s           2026-03-05T11:05:04
/opt/airflow/dags/simple_temperature_task.py                           1           0  0.42s           2026-03-05T11:05:04
/opt/airflow/dags/analytics_marts.py                                   1           0  0.42s           2026-03-05T11:05:04
/opt/airflow/dags/mongo_dag.py                                         1           0  0.15s           2026-03-05T11:05:01
================================================================================
[2026-03-05T11:06:00.733+0000] {manager.py:878} INFO - 
================================================================================
DAG File Processing Stats

File Path                                     PID    Runtime      # DAGs    # Errors  Last Runtime    Last Run
--------------------------------------------  -----  ---------  --------  ----------  --------------  -------------------
/opt/airflow/dags/mongo_to_postgres.py                                 1           0  0.45s           2026-03-05T11:05:35
/opt/airflow/dags/temperature_load_dag.py                              1           0  0.42s           2026-03-05T11:05:35
/opt/airflow/dags/analytics_marts.py                                   1           0  0.40s           2026-03-05T11:05:35
/opt/airflow/dags/simple_temperature_task.py                           1           0  0.31s           2026-03-05T11:05:35
/opt/airflow/dags/mongo_dag.py                                         1           0  0.14s           2026-03-05T11:05:32
================================================================================
[2026-03-05T11:06:27.810+0000] {manager.py:737} INFO - Searching for files in /opt/airflow/dags
[2026-03-05T11:06:27.849+0000] {manager.py:740} INFO - There are 5 files in /opt/airflow/dags
[2026-03-05T11:06:30.886+0000] {manager.py:878} INFO - 
================================================================================
DAG File Processing Stats

File Path                                     PID    Runtime      # DAGs    # Errors  Last Runtime    Last Run
--------------------------------------------  -----  ---------  --------  ----------  --------------  -------------------
/opt/airflow/dags/mongo_to_postgres.py                                 1           0  0.47s           2026-03-05T11:06:06
/opt/airflow/dags/analytics_marts.py                                   1           0  0.42s           2026-03-05T11:06:06
/opt/airflow/dags/temperature_load_dag.py                              1           0  0.42s           2026-03-05T11:06:06
/opt/airflow/dags/simple_temperature_task.py                           1           0  0.41s           2026-03-05T11:06:06
/opt/airflow/dags/mongo_dag.py                                         1           0  0.14s           2026-03-05T11:06:03
================================================================================
[2026-03-05T11:07:00.974+0000] {manager.py:878} INFO - 
================================================================================
DAG File Processing Stats

File Path                                     PID    Runtime      # DAGs    # Errors  Last Runtime    Last Run
--------------------------------------------  -----  ---------  --------  ----------  --------------  -------------------
/opt/airflow/dags/mongo_to_postgres.py                                 1           0  0.46s           2026-03-05T11:06:37
/opt/airflow/dags/temperature_load_dag.py                              1           0  0.43s           2026-03-05T11:06:37
/opt/airflow/dags/analytics_marts.py                                   1           0  0.42s           2026-03-05T11:06:37
/opt/airflow/dags/simple_temperature_task.py                           1           0  0.40s           2026-03-05T11:06:37
/opt/airflow/dags/mongo_dag.py                                         1           0  0.14s           2026-03-05T11:06:34
================================================================================
[2026-03-05T11:07:31.116+0000] {manager.py:878} INFO - 
================================================================================
DAG File Processing Stats

File Path                                     PID    Runtime      # DAGs    # Errors  Last Runtime    Last Run
--------------------------------------------  -----  ---------  --------  ----------  --------------  -------------------
/opt/airflow/dags/mongo_to_postgres.py                                 1           0  0.51s           2026-03-05T11:07:08
/opt/airflow/dags/analytics_marts.py                                   1           0  0.46s           2026-03-05T11:07:08
/opt/airflow/dags/simple_temperature_task.py                           1           0  0.43s           2026-03-05T11:07:08
/opt/airflow/dags/temperature_load_dag.py                              1           0  0.42s           2026-03-05T11:07:08
/opt/airflow/dags/mongo_dag.py                                         1           0  0.14s           2026-03-05T11:07:05
================================================================================
[2026-03-05T11:08:01.249+0000] {manager.py:878} INFO - 
================================================================================
DAG File Processing Stats

File Path                                     PID    Runtime      # DAGs    # Errors  Last Runtime    Last Run
--------------------------------------------  -----  ---------  --------  ----------  --------------  -------------------
/opt/airflow/dags/mongo_to_postgres.py                                 1           0  0.48s           2026-03-05T11:07:39
/opt/airflow/dags/analytics_marts.py                                   1           0  0.46s           2026-03-05T11:07:39
/opt/airflow/dags/simple_temperature_task.py                           1           0  0.42s           2026-03-05T11:07:40
/opt/airflow/dags/temperature_load_dag.py                              1           0  0.42s           2026-03-05T11:07:40
/opt/airflow/dags/mongo_dag.py                                         1           0  0.15s           2026-03-05T11:07:36
================================================================================
[2026-03-05T11:08:31.411+0000] {manager.py:878} INFO - 
================================================================================
DAG File Processing Stats

File Path                                     PID    Runtime      # DAGs    # Errors  Last Runtime    Last Run
--------------------------------------------  -----  ---------  --------  ----------  --------------  -------------------
/opt/airflow/dags/mongo_to_postgres.py                                 1           0  0.54s           2026-03-05T11:08:10
/opt/airflow/dags/analytics_marts.py                                   1           0  0.48s           2026-03-05T11:08:10
/opt/airflow/dags/temperature_load_dag.py                              1           0  0.43s           2026-03-05T11:08:11
/opt/airflow/dags/simple_temperature_task.py                           1           0  0.42s           2026-03-05T11:08:11
/opt/airflow/dags/mongo_dag.py                                         1           0  0.14s           2026-03-05T11:08:07
================================================================================
[2026-03-05T11:09:01.511+0000] {manager.py:878} INFO - 
================================================================================
DAG File Processing Stats

File Path                                     PID    Runtime      # DAGs    # Errors  Last Runtime    Last Run
--------------------------------------------  -----  ---------  --------  ----------  --------------  -------------------
/opt/airflow/dags/mongo_to_postgres.py                                 1           0  0.45s           2026-03-05T11:08:41
/opt/airflow/dags/temperature_load_dag.py                              1           0  0.44s           2026-03-05T11:08:42
/opt/airflow/dags/simple_temperature_task.py                           1           0  0.44s           2026-03-05T11:08:42
/opt/airflow/dags/analytics_marts.py                                   1           0  0.41s           2026-03-05T11:08:41
/opt/airflow/dags/mongo_dag.py                                         1           0  0.14s           2026-03-05T11:08:37
================================================================================
[2026-03-05T11:09:13.880+0000] {manager.py:452} INFO - Exiting gracefully upon receiving signal 15
