[2026-03-05T10:59:28.773+0000] {processor.py:161} INFO - Started process (PID=35) to work on /opt/airflow/dags/analytics_marts.py
[2026-03-05T10:59:28.774+0000] {processor.py:830} INFO - Processing file /opt/airflow/dags/analytics_marts.py for tasks to queue
[2026-03-05T10:59:28.776+0000] {logging_mixin.py:188} INFO - [2026-03-05T10:59:28.775+0000] {dagbag.py:545} INFO - Filling up the DagBag from /opt/airflow/dags/analytics_marts.py
[2026-03-05T10:59:29.742+0000] {processor.py:840} INFO - DAG(s) 'analytics_marts' retrieved from /opt/airflow/dags/analytics_marts.py
[2026-03-05T10:59:30.069+0000] {logging_mixin.py:188} INFO - [2026-03-05T10:59:29.941+0000] {override.py:1858} INFO - Created Permission View: can delete on DAG:analytics_marts
[2026-03-05T10:59:30.078+0000] {logging_mixin.py:188} INFO - [2026-03-05T10:59:30.077+0000] {override.py:1858} INFO - Created Permission View: can read on DAG:analytics_marts
[2026-03-05T10:59:30.083+0000] {logging_mixin.py:188} INFO - [2026-03-05T10:59:30.083+0000] {override.py:1858} INFO - Created Permission View: can edit on DAG:analytics_marts
[2026-03-05T10:59:30.084+0000] {logging_mixin.py:188} INFO - [2026-03-05T10:59:30.084+0000] {dag.py:3089} INFO - Sync 1 DAGs
[2026-03-05T10:59:30.093+0000] {logging_mixin.py:188} INFO - [2026-03-05T10:59:30.092+0000] {dag.py:3111} INFO - Creating ORM DAG for analytics_marts
[2026-03-05T10:59:30.101+0000] {logging_mixin.py:188} INFO - [2026-03-05T10:59:30.101+0000] {dag.py:3947} INFO - Setting next_dagrun for analytics_marts to 2026-03-04 04:00:00+00:00, run_after=2026-03-05 04:00:00+00:00
[2026-03-05T10:59:30.115+0000] {processor.py:183} INFO - Processing /opt/airflow/dags/analytics_marts.py took 1.347 seconds
[2026-03-05T11:00:00.980+0000] {processor.py:161} INFO - Started process (PID=110) to work on /opt/airflow/dags/analytics_marts.py
[2026-03-05T11:00:00.981+0000] {processor.py:830} INFO - Processing file /opt/airflow/dags/analytics_marts.py for tasks to queue
[2026-03-05T11:00:00.983+0000] {logging_mixin.py:188} INFO - [2026-03-05T11:00:00.982+0000] {dagbag.py:545} INFO - Filling up the DagBag from /opt/airflow/dags/analytics_marts.py
[2026-03-05T11:00:01.243+0000] {processor.py:840} INFO - DAG(s) 'analytics_marts' retrieved from /opt/airflow/dags/analytics_marts.py
[2026-03-05T11:00:01.271+0000] {logging_mixin.py:188} INFO - [2026-03-05T11:00:01.271+0000] {dag.py:3089} INFO - Sync 1 DAGs
[2026-03-05T11:00:01.289+0000] {logging_mixin.py:188} INFO - [2026-03-05T11:00:01.289+0000] {dag.py:3947} INFO - Setting next_dagrun for analytics_marts to 2026-03-04 04:00:00+00:00, run_after=2026-03-05 04:00:00+00:00
[2026-03-05T11:00:01.305+0000] {processor.py:183} INFO - Processing /opt/airflow/dags/analytics_marts.py took 0.331 seconds
[2026-03-05T11:00:31.607+0000] {processor.py:161} INFO - Started process (PID=207) to work on /opt/airflow/dags/analytics_marts.py
[2026-03-05T11:00:31.608+0000] {processor.py:830} INFO - Processing file /opt/airflow/dags/analytics_marts.py for tasks to queue
[2026-03-05T11:00:31.610+0000] {logging_mixin.py:188} INFO - [2026-03-05T11:00:31.610+0000] {dagbag.py:545} INFO - Filling up the DagBag from /opt/airflow/dags/analytics_marts.py
[2026-03-05T11:00:31.849+0000] {processor.py:840} INFO - DAG(s) 'analytics_marts' retrieved from /opt/airflow/dags/analytics_marts.py
[2026-03-05T11:00:31.874+0000] {logging_mixin.py:188} INFO - [2026-03-05T11:00:31.873+0000] {dag.py:3089} INFO - Sync 1 DAGs
[2026-03-05T11:00:31.890+0000] {logging_mixin.py:188} INFO - [2026-03-05T11:00:31.890+0000] {dag.py:3947} INFO - Setting next_dagrun for analytics_marts to 2026-03-04 04:00:00+00:00, run_after=2026-03-05 04:00:00+00:00
[2026-03-05T11:00:31.906+0000] {processor.py:183} INFO - Processing /opt/airflow/dags/analytics_marts.py took 0.303 seconds
[2026-03-05T11:01:27.759+0000] {processor.py:161} INFO - Started process (PID=35) to work on /opt/airflow/dags/analytics_marts.py
[2026-03-05T11:01:27.759+0000] {processor.py:830} INFO - Processing file /opt/airflow/dags/analytics_marts.py for tasks to queue
[2026-03-05T11:01:27.761+0000] {logging_mixin.py:188} INFO - [2026-03-05T11:01:27.761+0000] {dagbag.py:545} INFO - Filling up the DagBag from /opt/airflow/dags/analytics_marts.py
[2026-03-05T11:01:28.005+0000] {processor.py:840} INFO - DAG(s) 'analytics_marts' retrieved from /opt/airflow/dags/analytics_marts.py
[2026-03-05T11:01:28.021+0000] {logging_mixin.py:188} INFO - [2026-03-05T11:01:28.021+0000] {dag.py:3089} INFO - Sync 1 DAGs
[2026-03-05T11:01:28.047+0000] {logging_mixin.py:188} INFO - [2026-03-05T11:01:28.047+0000] {dag.py:3947} INFO - Setting next_dagrun for analytics_marts to 2026-03-04 04:00:00+00:00, run_after=2026-03-05 04:00:00+00:00
[2026-03-05T11:01:28.066+0000] {processor.py:183} INFO - Processing /opt/airflow/dags/analytics_marts.py took 0.313 seconds
[2026-03-05T11:01:58.695+0000] {processor.py:161} INFO - Started process (PID=43) to work on /opt/airflow/dags/analytics_marts.py
[2026-03-05T11:01:58.696+0000] {processor.py:830} INFO - Processing file /opt/airflow/dags/analytics_marts.py for tasks to queue
[2026-03-05T11:01:58.698+0000] {logging_mixin.py:188} INFO - [2026-03-05T11:01:58.698+0000] {dagbag.py:545} INFO - Filling up the DagBag from /opt/airflow/dags/analytics_marts.py
[2026-03-05T11:01:58.931+0000] {processor.py:840} INFO - DAG(s) 'analytics_marts' retrieved from /opt/airflow/dags/analytics_marts.py
[2026-03-05T11:01:59.015+0000] {logging_mixin.py:188} INFO - [2026-03-05T11:01:59.015+0000] {dag.py:3089} INFO - Sync 1 DAGs
[2026-03-05T11:01:59.031+0000] {logging_mixin.py:188} INFO - [2026-03-05T11:01:59.031+0000] {dag.py:3947} INFO - Setting next_dagrun for analytics_marts to 2026-03-04 04:00:00+00:00, run_after=2026-03-05 04:00:00+00:00
[2026-03-05T11:01:59.047+0000] {processor.py:183} INFO - Processing /opt/airflow/dags/analytics_marts.py took 0.357 seconds
[2026-03-05T11:02:29.883+0000] {processor.py:161} INFO - Started process (PID=51) to work on /opt/airflow/dags/analytics_marts.py
[2026-03-05T11:02:29.884+0000] {processor.py:830} INFO - Processing file /opt/airflow/dags/analytics_marts.py for tasks to queue
[2026-03-05T11:02:29.886+0000] {logging_mixin.py:188} INFO - [2026-03-05T11:02:29.885+0000] {dagbag.py:545} INFO - Filling up the DagBag from /opt/airflow/dags/analytics_marts.py
[2026-03-05T11:02:30.116+0000] {processor.py:840} INFO - DAG(s) 'analytics_marts' retrieved from /opt/airflow/dags/analytics_marts.py
[2026-03-05T11:02:30.152+0000] {logging_mixin.py:188} INFO - [2026-03-05T11:02:30.152+0000] {dag.py:3089} INFO - Sync 1 DAGs
[2026-03-05T11:02:30.173+0000] {logging_mixin.py:188} INFO - [2026-03-05T11:02:30.173+0000] {dag.py:3947} INFO - Setting next_dagrun for analytics_marts to 2026-03-04 04:00:00+00:00, run_after=2026-03-05 04:00:00+00:00
[2026-03-05T11:02:30.190+0000] {processor.py:183} INFO - Processing /opt/airflow/dags/analytics_marts.py took 0.312 seconds
[2026-03-05T11:03:00.695+0000] {processor.py:161} INFO - Started process (PID=83) to work on /opt/airflow/dags/analytics_marts.py
[2026-03-05T11:03:00.696+0000] {processor.py:830} INFO - Processing file /opt/airflow/dags/analytics_marts.py for tasks to queue
[2026-03-05T11:03:00.697+0000] {logging_mixin.py:188} INFO - [2026-03-05T11:03:00.697+0000] {dagbag.py:545} INFO - Filling up the DagBag from /opt/airflow/dags/analytics_marts.py
[2026-03-05T11:03:00.944+0000] {processor.py:840} INFO - DAG(s) 'analytics_marts' retrieved from /opt/airflow/dags/analytics_marts.py
[2026-03-05T11:03:00.973+0000] {logging_mixin.py:188} INFO - [2026-03-05T11:03:00.973+0000] {dag.py:3089} INFO - Sync 1 DAGs
[2026-03-05T11:03:00.992+0000] {logging_mixin.py:188} INFO - [2026-03-05T11:03:00.992+0000] {dag.py:3947} INFO - Setting next_dagrun for analytics_marts to 2026-03-04 04:00:00+00:00, run_after=2026-03-05 04:00:00+00:00
[2026-03-05T11:03:01.152+0000] {processor.py:183} INFO - Processing /opt/airflow/dags/analytics_marts.py took 0.464 seconds
[2026-03-05T11:03:31.317+0000] {processor.py:161} INFO - Started process (PID=233) to work on /opt/airflow/dags/analytics_marts.py
[2026-03-05T11:03:31.318+0000] {processor.py:830} INFO - Processing file /opt/airflow/dags/analytics_marts.py for tasks to queue
[2026-03-05T11:03:31.320+0000] {logging_mixin.py:188} INFO - [2026-03-05T11:03:31.320+0000] {dagbag.py:545} INFO - Filling up the DagBag from /opt/airflow/dags/analytics_marts.py
[2026-03-05T11:03:31.560+0000] {processor.py:840} INFO - DAG(s) 'analytics_marts' retrieved from /opt/airflow/dags/analytics_marts.py
[2026-03-05T11:03:31.589+0000] {logging_mixin.py:188} INFO - [2026-03-05T11:03:31.588+0000] {dag.py:3089} INFO - Sync 1 DAGs
[2026-03-05T11:03:31.608+0000] {logging_mixin.py:188} INFO - [2026-03-05T11:03:31.608+0000] {dag.py:3947} INFO - Setting next_dagrun for analytics_marts to 2026-03-04 04:00:00+00:00, run_after=2026-03-05 04:00:00+00:00
[2026-03-05T11:03:31.626+0000] {processor.py:183} INFO - Processing /opt/airflow/dags/analytics_marts.py took 0.316 seconds
[2026-03-05T11:04:01.925+0000] {processor.py:161} INFO - Started process (PID=376) to work on /opt/airflow/dags/analytics_marts.py
[2026-03-05T11:04:01.926+0000] {processor.py:830} INFO - Processing file /opt/airflow/dags/analytics_marts.py for tasks to queue
[2026-03-05T11:04:01.928+0000] {logging_mixin.py:188} INFO - [2026-03-05T11:04:01.927+0000] {dagbag.py:545} INFO - Filling up the DagBag from /opt/airflow/dags/analytics_marts.py
[2026-03-05T11:04:02.171+0000] {processor.py:840} INFO - DAG(s) 'analytics_marts' retrieved from /opt/airflow/dags/analytics_marts.py
[2026-03-05T11:04:02.199+0000] {logging_mixin.py:188} INFO - [2026-03-05T11:04:02.199+0000] {dag.py:3089} INFO - Sync 1 DAGs
[2026-03-05T11:04:02.220+0000] {logging_mixin.py:188} INFO - [2026-03-05T11:04:02.220+0000] {dag.py:3947} INFO - Setting next_dagrun for analytics_marts to 2026-03-04 04:00:00+00:00, run_after=2026-03-05 04:00:00+00:00
[2026-03-05T11:04:02.360+0000] {processor.py:183} INFO - Processing /opt/airflow/dags/analytics_marts.py took 0.442 seconds
[2026-03-05T11:04:32.648+0000] {processor.py:161} INFO - Started process (PID=575) to work on /opt/airflow/dags/analytics_marts.py
[2026-03-05T11:04:32.649+0000] {processor.py:830} INFO - Processing file /opt/airflow/dags/analytics_marts.py for tasks to queue
[2026-03-05T11:04:32.650+0000] {logging_mixin.py:188} INFO - [2026-03-05T11:04:32.650+0000] {dagbag.py:545} INFO - Filling up the DagBag from /opt/airflow/dags/analytics_marts.py
[2026-03-05T11:04:32.885+0000] {processor.py:840} INFO - DAG(s) 'analytics_marts' retrieved from /opt/airflow/dags/analytics_marts.py
[2026-03-05T11:04:33.045+0000] {logging_mixin.py:188} INFO - [2026-03-05T11:04:33.044+0000] {dag.py:3089} INFO - Sync 1 DAGs
[2026-03-05T11:04:33.062+0000] {logging_mixin.py:188} INFO - [2026-03-05T11:04:33.062+0000] {dag.py:3947} INFO - Setting next_dagrun for analytics_marts to 2026-03-05 04:00:00+00:00, run_after=2026-03-06 04:00:00+00:00
[2026-03-05T11:04:33.079+0000] {processor.py:183} INFO - Processing /opt/airflow/dags/analytics_marts.py took 0.439 seconds
[2026-03-05T11:05:03.679+0000] {processor.py:161} INFO - Started process (PID=748) to work on /opt/airflow/dags/analytics_marts.py
[2026-03-05T11:05:03.679+0000] {processor.py:830} INFO - Processing file /opt/airflow/dags/analytics_marts.py for tasks to queue
[2026-03-05T11:05:03.681+0000] {logging_mixin.py:188} INFO - [2026-03-05T11:05:03.680+0000] {dagbag.py:545} INFO - Filling up the DagBag from /opt/airflow/dags/analytics_marts.py
[2026-03-05T11:05:03.907+0000] {processor.py:840} INFO - DAG(s) 'analytics_marts' retrieved from /opt/airflow/dags/analytics_marts.py
[2026-03-05T11:05:03.932+0000] {logging_mixin.py:188} INFO - [2026-03-05T11:05:03.932+0000] {dag.py:3089} INFO - Sync 1 DAGs
[2026-03-05T11:05:03.950+0000] {logging_mixin.py:188} INFO - [2026-03-05T11:05:03.950+0000] {dag.py:3947} INFO - Setting next_dagrun for analytics_marts to 2026-03-05 04:00:00+00:00, run_after=2026-03-06 04:00:00+00:00
[2026-03-05T11:05:04.070+0000] {processor.py:183} INFO - Processing /opt/airflow/dags/analytics_marts.py took 0.399 seconds
[2026-03-05T11:05:34.799+0000] {processor.py:161} INFO - Started process (PID=757) to work on /opt/airflow/dags/analytics_marts.py
[2026-03-05T11:05:34.800+0000] {processor.py:830} INFO - Processing file /opt/airflow/dags/analytics_marts.py for tasks to queue
[2026-03-05T11:05:34.801+0000] {logging_mixin.py:188} INFO - [2026-03-05T11:05:34.801+0000] {dagbag.py:545} INFO - Filling up the DagBag from /opt/airflow/dags/analytics_marts.py
[2026-03-05T11:05:35.022+0000] {processor.py:840} INFO - DAG(s) 'analytics_marts' retrieved from /opt/airflow/dags/analytics_marts.py
[2026-03-05T11:05:35.150+0000] {logging_mixin.py:188} INFO - [2026-03-05T11:05:35.150+0000] {dag.py:3089} INFO - Sync 1 DAGs
[2026-03-05T11:05:35.165+0000] {logging_mixin.py:188} INFO - [2026-03-05T11:05:35.164+0000] {dag.py:3947} INFO - Setting next_dagrun for analytics_marts to 2026-03-05 04:00:00+00:00, run_after=2026-03-06 04:00:00+00:00
[2026-03-05T11:05:35.179+0000] {processor.py:183} INFO - Processing /opt/airflow/dags/analytics_marts.py took 0.387 seconds
[2026-03-05T11:06:05.834+0000] {processor.py:161} INFO - Started process (PID=766) to work on /opt/airflow/dags/analytics_marts.py
[2026-03-05T11:06:05.834+0000] {processor.py:830} INFO - Processing file /opt/airflow/dags/analytics_marts.py for tasks to queue
[2026-03-05T11:06:05.836+0000] {logging_mixin.py:188} INFO - [2026-03-05T11:06:05.835+0000] {dagbag.py:545} INFO - Filling up the DagBag from /opt/airflow/dags/analytics_marts.py
[2026-03-05T11:06:06.060+0000] {processor.py:840} INFO - DAG(s) 'analytics_marts' retrieved from /opt/airflow/dags/analytics_marts.py
[2026-03-05T11:06:06.085+0000] {logging_mixin.py:188} INFO - [2026-03-05T11:06:06.085+0000] {dag.py:3089} INFO - Sync 1 DAGs
[2026-03-05T11:06:06.103+0000] {logging_mixin.py:188} INFO - [2026-03-05T11:06:06.103+0000] {dag.py:3947} INFO - Setting next_dagrun for analytics_marts to 2026-03-05 04:00:00+00:00, run_after=2026-03-06 04:00:00+00:00
[2026-03-05T11:06:06.227+0000] {processor.py:183} INFO - Processing /opt/airflow/dags/analytics_marts.py took 0.401 seconds
[2026-03-05T11:06:36.964+0000] {processor.py:161} INFO - Started process (PID=775) to work on /opt/airflow/dags/analytics_marts.py
[2026-03-05T11:06:36.964+0000] {processor.py:830} INFO - Processing file /opt/airflow/dags/analytics_marts.py for tasks to queue
[2026-03-05T11:06:36.966+0000] {logging_mixin.py:188} INFO - [2026-03-05T11:06:36.966+0000] {dagbag.py:545} INFO - Filling up the DagBag from /opt/airflow/dags/analytics_marts.py
[2026-03-05T11:06:37.194+0000] {processor.py:840} INFO - DAG(s) 'analytics_marts' retrieved from /opt/airflow/dags/analytics_marts.py
[2026-03-05T11:06:37.326+0000] {logging_mixin.py:188} INFO - [2026-03-05T11:06:37.326+0000] {dag.py:3089} INFO - Sync 1 DAGs
[2026-03-05T11:06:37.341+0000] {logging_mixin.py:188} INFO - [2026-03-05T11:06:37.341+0000] {dag.py:3947} INFO - Setting next_dagrun for analytics_marts to 2026-03-05 04:00:00+00:00, run_after=2026-03-06 04:00:00+00:00
[2026-03-05T11:06:37.355+0000] {processor.py:183} INFO - Processing /opt/airflow/dags/analytics_marts.py took 0.399 seconds
[2026-03-05T11:07:08.070+0000] {processor.py:161} INFO - Started process (PID=784) to work on /opt/airflow/dags/analytics_marts.py
[2026-03-05T11:07:08.071+0000] {processor.py:830} INFO - Processing file /opt/airflow/dags/analytics_marts.py for tasks to queue
[2026-03-05T11:07:08.073+0000] {logging_mixin.py:188} INFO - [2026-03-05T11:07:08.073+0000] {dagbag.py:545} INFO - Filling up the DagBag from /opt/airflow/dags/analytics_marts.py
[2026-03-05T11:07:08.456+0000] {processor.py:840} INFO - DAG(s) 'analytics_marts' retrieved from /opt/airflow/dags/analytics_marts.py
[2026-03-05T11:07:08.479+0000] {logging_mixin.py:188} INFO - [2026-03-05T11:07:08.479+0000] {dag.py:3089} INFO - Sync 1 DAGs
[2026-03-05T11:07:08.495+0000] {logging_mixin.py:188} INFO - [2026-03-05T11:07:08.495+0000] {dag.py:3947} INFO - Setting next_dagrun for analytics_marts to 2026-03-05 04:00:00+00:00, run_after=2026-03-06 04:00:00+00:00
[2026-03-05T11:07:08.510+0000] {processor.py:183} INFO - Processing /opt/airflow/dags/analytics_marts.py took 0.447 seconds
[2026-03-05T11:07:39.218+0000] {processor.py:161} INFO - Started process (PID=793) to work on /opt/airflow/dags/analytics_marts.py
[2026-03-05T11:07:39.219+0000] {processor.py:830} INFO - Processing file /opt/airflow/dags/analytics_marts.py for tasks to queue
[2026-03-05T11:07:39.220+0000] {logging_mixin.py:188} INFO - [2026-03-05T11:07:39.220+0000] {dagbag.py:545} INFO - Filling up the DagBag from /opt/airflow/dags/analytics_marts.py
[2026-03-05T11:07:39.592+0000] {processor.py:840} INFO - DAG(s) 'analytics_marts' retrieved from /opt/airflow/dags/analytics_marts.py
[2026-03-05T11:07:39.616+0000] {logging_mixin.py:188} INFO - [2026-03-05T11:07:39.616+0000] {dag.py:3089} INFO - Sync 1 DAGs
[2026-03-05T11:07:39.634+0000] {logging_mixin.py:188} INFO - [2026-03-05T11:07:39.633+0000] {dag.py:3947} INFO - Setting next_dagrun for analytics_marts to 2026-03-05 04:00:00+00:00, run_after=2026-03-06 04:00:00+00:00
[2026-03-05T11:07:39.649+0000] {processor.py:183} INFO - Processing /opt/airflow/dags/analytics_marts.py took 0.438 seconds
[2026-03-05T11:08:10.354+0000] {processor.py:161} INFO - Started process (PID=802) to work on /opt/airflow/dags/analytics_marts.py
[2026-03-05T11:08:10.354+0000] {processor.py:830} INFO - Processing file /opt/airflow/dags/analytics_marts.py for tasks to queue
[2026-03-05T11:08:10.356+0000] {logging_mixin.py:188} INFO - [2026-03-05T11:08:10.356+0000] {dagbag.py:545} INFO - Filling up the DagBag from /opt/airflow/dags/analytics_marts.py
[2026-03-05T11:08:10.757+0000] {processor.py:840} INFO - DAG(s) 'analytics_marts' retrieved from /opt/airflow/dags/analytics_marts.py
[2026-03-05T11:08:10.779+0000] {logging_mixin.py:188} INFO - [2026-03-05T11:08:10.779+0000] {dag.py:3089} INFO - Sync 1 DAGs
[2026-03-05T11:08:10.794+0000] {logging_mixin.py:188} INFO - [2026-03-05T11:08:10.794+0000] {dag.py:3947} INFO - Setting next_dagrun for analytics_marts to 2026-03-05 04:00:00+00:00, run_after=2026-03-06 04:00:00+00:00
[2026-03-05T11:08:10.810+0000] {processor.py:183} INFO - Processing /opt/airflow/dags/analytics_marts.py took 0.464 seconds
[2026-03-05T11:08:41.526+0000] {processor.py:161} INFO - Started process (PID=811) to work on /opt/airflow/dags/analytics_marts.py
[2026-03-05T11:08:41.527+0000] {processor.py:830} INFO - Processing file /opt/airflow/dags/analytics_marts.py for tasks to queue
[2026-03-05T11:08:41.528+0000] {logging_mixin.py:188} INFO - [2026-03-05T11:08:41.528+0000] {dagbag.py:545} INFO - Filling up the DagBag from /opt/airflow/dags/analytics_marts.py
[2026-03-05T11:08:41.860+0000] {processor.py:840} INFO - DAG(s) 'analytics_marts' retrieved from /opt/airflow/dags/analytics_marts.py
[2026-03-05T11:08:41.882+0000] {logging_mixin.py:188} INFO - [2026-03-05T11:08:41.882+0000] {dag.py:3089} INFO - Sync 1 DAGs
[2026-03-05T11:08:41.897+0000] {logging_mixin.py:188} INFO - [2026-03-05T11:08:41.897+0000] {dag.py:3947} INFO - Setting next_dagrun for analytics_marts to 2026-03-05 04:00:00+00:00, run_after=2026-03-06 04:00:00+00:00
[2026-03-05T11:08:41.911+0000] {processor.py:183} INFO - Processing /opt/airflow/dags/analytics_marts.py took 0.392 seconds
[2026-03-05T11:09:12.624+0000] {processor.py:161} INFO - Started process (PID=820) to work on /opt/airflow/dags/analytics_marts.py
[2026-03-05T11:09:12.625+0000] {processor.py:830} INFO - Processing file /opt/airflow/dags/analytics_marts.py for tasks to queue
[2026-03-05T11:09:12.627+0000] {logging_mixin.py:188} INFO - [2026-03-05T11:09:12.627+0000] {dagbag.py:545} INFO - Filling up the DagBag from /opt/airflow/dags/analytics_marts.py
[2026-03-05T11:09:13.030+0000] {processor.py:840} INFO - DAG(s) 'analytics_marts' retrieved from /opt/airflow/dags/analytics_marts.py
[2026-03-05T11:09:13.056+0000] {logging_mixin.py:188} INFO - [2026-03-05T11:09:13.056+0000] {dag.py:3089} INFO - Sync 1 DAGs
[2026-03-05T11:09:13.075+0000] {logging_mixin.py:188} INFO - [2026-03-05T11:09:13.075+0000] {dag.py:3947} INFO - Setting next_dagrun for analytics_marts to 2026-03-05 04:00:00+00:00, run_after=2026-03-06 04:00:00+00:00
[2026-03-05T11:09:13.095+0000] {processor.py:183} INFO - Processing /opt/airflow/dags/analytics_marts.py took 0.479 seconds
