[2026-03-05T10:59:28.707+0000] {processor.py:161} INFO - Started process (PID=34) to work on /opt/airflow/dags/mongo_to_postgres.py
[2026-03-05T10:59:28.708+0000] {processor.py:830} INFO - Processing file /opt/airflow/dags/mongo_to_postgres.py for tasks to queue
[2026-03-05T10:59:28.710+0000] {logging_mixin.py:188} INFO - [2026-03-05T10:59:28.709+0000] {dagbag.py:545} INFO - Filling up the DagBag from /opt/airflow/dags/mongo_to_postgres.py
[2026-03-05T10:59:28.731+0000] {logging_mixin.py:188} INFO - [2026-03-05T10:59:28.728+0000] {dagbag.py:355} ERROR - Failed to import: /opt/airflow/dags/mongo_to_postgres.py
Traceback (most recent call last):
  File "/home/airflow/.local/lib/python3.12/site-packages/airflow/models/dagbag.py", line 351, in parse
    loader.exec_module(new_module)
  File "<frozen importlib._bootstrap_external>", line 995, in exec_module
  File "<frozen importlib._bootstrap>", line 488, in _call_with_frames_removed
  File "/opt/airflow/dags/mongo_to_postgres.py", line 5, in <module>
    from pymongo import MongoClient
ModuleNotFoundError: No module named 'pymongo'
[2026-03-05T10:59:28.732+0000] {processor.py:842} WARNING - No viable dags retrieved from /opt/airflow/dags/mongo_to_postgres.py
[2026-03-05T10:59:28.751+0000] {processor.py:183} INFO - Processing /opt/airflow/dags/mongo_to_postgres.py took 0.050 seconds
[2026-03-05T10:59:58.898+0000] {processor.py:161} INFO - Started process (PID=91) to work on /opt/airflow/dags/mongo_to_postgres.py
[2026-03-05T10:59:58.899+0000] {processor.py:830} INFO - Processing file /opt/airflow/dags/mongo_to_postgres.py for tasks to queue
[2026-03-05T10:59:58.900+0000] {logging_mixin.py:188} INFO - [2026-03-05T10:59:58.900+0000] {dagbag.py:545} INFO - Filling up the DagBag from /opt/airflow/dags/mongo_to_postgres.py
[2026-03-05T10:59:58.914+0000] {logging_mixin.py:188} INFO - [2026-03-05T10:59:58.911+0000] {dagbag.py:355} ERROR - Failed to import: /opt/airflow/dags/mongo_to_postgres.py
Traceback (most recent call last):
  File "/home/airflow/.local/lib/python3.12/site-packages/airflow/models/dagbag.py", line 351, in parse
    loader.exec_module(new_module)
  File "<frozen importlib._bootstrap_external>", line 995, in exec_module
  File "<frozen importlib._bootstrap>", line 488, in _call_with_frames_removed
  File "/opt/airflow/dags/mongo_to_postgres.py", line 5, in <module>
    from pymongo import MongoClient
ModuleNotFoundError: No module named 'pymongo'
[2026-03-05T10:59:58.915+0000] {processor.py:842} WARNING - No viable dags retrieved from /opt/airflow/dags/mongo_to_postgres.py
[2026-03-05T10:59:58.934+0000] {processor.py:183} INFO - Processing /opt/airflow/dags/mongo_to_postgres.py took 0.041 seconds
[2026-03-05T11:00:29.533+0000] {processor.py:161} INFO - Started process (PID=206) to work on /opt/airflow/dags/mongo_to_postgres.py
[2026-03-05T11:00:29.534+0000] {processor.py:830} INFO - Processing file /opt/airflow/dags/mongo_to_postgres.py for tasks to queue
[2026-03-05T11:00:29.536+0000] {logging_mixin.py:188} INFO - [2026-03-05T11:00:29.535+0000] {dagbag.py:545} INFO - Filling up the DagBag from /opt/airflow/dags/mongo_to_postgres.py
[2026-03-05T11:00:29.549+0000] {logging_mixin.py:188} INFO - [2026-03-05T11:00:29.546+0000] {dagbag.py:355} ERROR - Failed to import: /opt/airflow/dags/mongo_to_postgres.py
Traceback (most recent call last):
  File "/home/airflow/.local/lib/python3.12/site-packages/airflow/models/dagbag.py", line 351, in parse
    loader.exec_module(new_module)
  File "<frozen importlib._bootstrap_external>", line 995, in exec_module
  File "<frozen importlib._bootstrap>", line 488, in _call_with_frames_removed
  File "/opt/airflow/dags/mongo_to_postgres.py", line 5, in <module>
    from pymongo import MongoClient
ModuleNotFoundError: No module named 'pymongo'
[2026-03-05T11:00:29.550+0000] {processor.py:842} WARNING - No viable dags retrieved from /opt/airflow/dags/mongo_to_postgres.py
[2026-03-05T11:00:29.572+0000] {processor.py:183} INFO - Processing /opt/airflow/dags/mongo_to_postgres.py took 0.044 seconds
[2026-03-05T11:01:27.704+0000] {processor.py:161} INFO - Started process (PID=34) to work on /opt/airflow/dags/mongo_to_postgres.py
[2026-03-05T11:01:27.705+0000] {processor.py:830} INFO - Processing file /opt/airflow/dags/mongo_to_postgres.py for tasks to queue
[2026-03-05T11:01:27.707+0000] {logging_mixin.py:188} INFO - [2026-03-05T11:01:27.706+0000] {dagbag.py:545} INFO - Filling up the DagBag from /opt/airflow/dags/mongo_to_postgres.py
[2026-03-05T11:01:27.719+0000] {logging_mixin.py:188} INFO - [2026-03-05T11:01:27.716+0000] {dagbag.py:355} ERROR - Failed to import: /opt/airflow/dags/mongo_to_postgres.py
Traceback (most recent call last):
  File "/home/airflow/.local/lib/python3.12/site-packages/airflow/models/dagbag.py", line 351, in parse
    loader.exec_module(new_module)
  File "<frozen importlib._bootstrap_external>", line 995, in exec_module
  File "<frozen importlib._bootstrap>", line 488, in _call_with_frames_removed
  File "/opt/airflow/dags/mongo_to_postgres.py", line 5, in <module>
    from pymongo import MongoClient
ModuleNotFoundError: No module named 'pymongo'
[2026-03-05T11:01:27.720+0000] {processor.py:842} WARNING - No viable dags retrieved from /opt/airflow/dags/mongo_to_postgres.py
[2026-03-05T11:01:27.741+0000] {processor.py:183} INFO - Processing /opt/airflow/dags/mongo_to_postgres.py took 0.042 seconds
[2026-03-05T11:01:58.644+0000] {processor.py:161} INFO - Started process (PID=42) to work on /opt/airflow/dags/mongo_to_postgres.py
[2026-03-05T11:01:58.644+0000] {processor.py:830} INFO - Processing file /opt/airflow/dags/mongo_to_postgres.py for tasks to queue
[2026-03-05T11:01:58.646+0000] {logging_mixin.py:188} INFO - [2026-03-05T11:01:58.646+0000] {dagbag.py:545} INFO - Filling up the DagBag from /opt/airflow/dags/mongo_to_postgres.py
[2026-03-05T11:01:58.658+0000] {logging_mixin.py:188} INFO - [2026-03-05T11:01:58.655+0000] {dagbag.py:355} ERROR - Failed to import: /opt/airflow/dags/mongo_to_postgres.py
Traceback (most recent call last):
  File "/home/airflow/.local/lib/python3.12/site-packages/airflow/models/dagbag.py", line 351, in parse
    loader.exec_module(new_module)
  File "<frozen importlib._bootstrap_external>", line 995, in exec_module
  File "<frozen importlib._bootstrap>", line 488, in _call_with_frames_removed
  File "/opt/airflow/dags/mongo_to_postgres.py", line 5, in <module>
    from pymongo import MongoClient
ModuleNotFoundError: No module named 'pymongo'
[2026-03-05T11:01:58.659+0000] {processor.py:842} WARNING - No viable dags retrieved from /opt/airflow/dags/mongo_to_postgres.py
[2026-03-05T11:01:58.678+0000] {processor.py:183} INFO - Processing /opt/airflow/dags/mongo_to_postgres.py took 0.039 seconds
[2026-03-05T11:02:28.822+0000] {processor.py:161} INFO - Started process (PID=50) to work on /opt/airflow/dags/mongo_to_postgres.py
[2026-03-05T11:02:28.823+0000] {processor.py:830} INFO - Processing file /opt/airflow/dags/mongo_to_postgres.py for tasks to queue
[2026-03-05T11:02:28.824+0000] {logging_mixin.py:188} INFO - [2026-03-05T11:02:28.824+0000] {dagbag.py:545} INFO - Filling up the DagBag from /opt/airflow/dags/mongo_to_postgres.py
[2026-03-05T11:02:28.836+0000] {logging_mixin.py:188} INFO - [2026-03-05T11:02:28.833+0000] {dagbag.py:355} ERROR - Failed to import: /opt/airflow/dags/mongo_to_postgres.py
Traceback (most recent call last):
  File "/home/airflow/.local/lib/python3.12/site-packages/airflow/models/dagbag.py", line 351, in parse
    loader.exec_module(new_module)
  File "<frozen importlib._bootstrap_external>", line 995, in exec_module
  File "<frozen importlib._bootstrap>", line 488, in _call_with_frames_removed
  File "/opt/airflow/dags/mongo_to_postgres.py", line 5, in <module>
    from pymongo import MongoClient
ModuleNotFoundError: No module named 'pymongo'
[2026-03-05T11:02:28.837+0000] {processor.py:842} WARNING - No viable dags retrieved from /opt/airflow/dags/mongo_to_postgres.py
[2026-03-05T11:02:28.856+0000] {processor.py:183} INFO - Processing /opt/airflow/dags/mongo_to_postgres.py took 0.038 seconds
[2026-03-05T11:02:59.442+0000] {processor.py:161} INFO - Started process (PID=81) to work on /opt/airflow/dags/mongo_to_postgres.py
[2026-03-05T11:02:59.443+0000] {processor.py:830} INFO - Processing file /opt/airflow/dags/mongo_to_postgres.py for tasks to queue
[2026-03-05T11:02:59.445+0000] {logging_mixin.py:188} INFO - [2026-03-05T11:02:59.444+0000] {dagbag.py:545} INFO - Filling up the DagBag from /opt/airflow/dags/mongo_to_postgres.py
[2026-03-05T11:02:59.831+0000] {processor.py:840} INFO - DAG(s) 'mongo_to_postgres' retrieved from /opt/airflow/dags/mongo_to_postgres.py
[2026-03-05T11:02:59.911+0000] {logging_mixin.py:188} INFO - [2026-03-05T11:02:59.911+0000] {override.py:1858} INFO - Created Permission View: can delete on DAG:mongo_to_postgres
[2026-03-05T11:02:59.918+0000] {logging_mixin.py:188} INFO - [2026-03-05T11:02:59.918+0000] {override.py:1858} INFO - Created Permission View: can edit on DAG:mongo_to_postgres
[2026-03-05T11:02:59.924+0000] {logging_mixin.py:188} INFO - [2026-03-05T11:02:59.923+0000] {override.py:1858} INFO - Created Permission View: can read on DAG:mongo_to_postgres
[2026-03-05T11:02:59.924+0000] {logging_mixin.py:188} INFO - [2026-03-05T11:02:59.924+0000] {dag.py:3089} INFO - Sync 1 DAGs
[2026-03-05T11:02:59.932+0000] {logging_mixin.py:188} INFO - [2026-03-05T11:02:59.931+0000] {dag.py:3111} INFO - Creating ORM DAG for mongo_to_postgres
[2026-03-05T11:02:59.939+0000] {logging_mixin.py:188} INFO - [2026-03-05T11:02:59.938+0000] {dag.py:3947} INFO - Setting next_dagrun for mongo_to_postgres to 2026-03-04 03:00:00+00:00, run_after=2026-03-05 03:00:00+00:00
[2026-03-05T11:02:59.952+0000] {processor.py:183} INFO - Processing /opt/airflow/dags/mongo_to_postgres.py took 0.517 seconds
[2026-03-05T11:03:30.809+0000] {processor.py:161} INFO - Started process (PID=231) to work on /opt/airflow/dags/mongo_to_postgres.py
[2026-03-05T11:03:30.810+0000] {processor.py:830} INFO - Processing file /opt/airflow/dags/mongo_to_postgres.py for tasks to queue
[2026-03-05T11:03:30.811+0000] {logging_mixin.py:188} INFO - [2026-03-05T11:03:30.811+0000] {dagbag.py:545} INFO - Filling up the DagBag from /opt/airflow/dags/mongo_to_postgres.py
[2026-03-05T11:03:31.226+0000] {processor.py:840} INFO - DAG(s) 'mongo_to_postgres' retrieved from /opt/airflow/dags/mongo_to_postgres.py
[2026-03-05T11:03:31.249+0000] {logging_mixin.py:188} INFO - [2026-03-05T11:03:31.248+0000] {dag.py:3089} INFO - Sync 1 DAGs
[2026-03-05T11:03:31.265+0000] {logging_mixin.py:188} INFO - [2026-03-05T11:03:31.265+0000] {dag.py:3947} INFO - Setting next_dagrun for mongo_to_postgres to 2026-03-04 03:00:00+00:00, run_after=2026-03-05 03:00:00+00:00
[2026-03-05T11:03:31.279+0000] {processor.py:183} INFO - Processing /opt/airflow/dags/mongo_to_postgres.py took 0.478 seconds
[2026-03-05T11:04:01.390+0000] {processor.py:161} INFO - Started process (PID=358) to work on /opt/airflow/dags/mongo_to_postgres.py
[2026-03-05T11:04:01.391+0000] {processor.py:830} INFO - Processing file /opt/airflow/dags/mongo_to_postgres.py for tasks to queue
[2026-03-05T11:04:01.392+0000] {logging_mixin.py:188} INFO - [2026-03-05T11:04:01.392+0000] {dagbag.py:545} INFO - Filling up the DagBag from /opt/airflow/dags/mongo_to_postgres.py
[2026-03-05T11:04:01.834+0000] {processor.py:840} INFO - DAG(s) 'mongo_to_postgres' retrieved from /opt/airflow/dags/mongo_to_postgres.py
[2026-03-05T11:04:01.858+0000] {logging_mixin.py:188} INFO - [2026-03-05T11:04:01.857+0000] {dag.py:3089} INFO - Sync 1 DAGs
[2026-03-05T11:04:01.873+0000] {logging_mixin.py:188} INFO - [2026-03-05T11:04:01.873+0000] {dag.py:3947} INFO - Setting next_dagrun for mongo_to_postgres to 2026-03-05 03:00:00+00:00, run_after=2026-03-06 03:00:00+00:00
[2026-03-05T11:04:01.888+0000] {processor.py:183} INFO - Processing /opt/airflow/dags/mongo_to_postgres.py took 0.506 seconds
[2026-03-05T11:04:32.646+0000] {processor.py:161} INFO - Started process (PID=574) to work on /opt/airflow/dags/mongo_to_postgres.py
[2026-03-05T11:04:32.647+0000] {processor.py:830} INFO - Processing file /opt/airflow/dags/mongo_to_postgres.py for tasks to queue
[2026-03-05T11:04:32.649+0000] {logging_mixin.py:188} INFO - [2026-03-05T11:04:32.648+0000] {dagbag.py:545} INFO - Filling up the DagBag from /opt/airflow/dags/mongo_to_postgres.py
[2026-03-05T11:04:33.074+0000] {processor.py:840} INFO - DAG(s) 'mongo_to_postgres' retrieved from /opt/airflow/dags/mongo_to_postgres.py
[2026-03-05T11:04:33.097+0000] {logging_mixin.py:188} INFO - [2026-03-05T11:04:33.097+0000] {dag.py:3089} INFO - Sync 1 DAGs
[2026-03-05T11:04:33.114+0000] {logging_mixin.py:188} INFO - [2026-03-05T11:04:33.114+0000] {dag.py:3947} INFO - Setting next_dagrun for mongo_to_postgres to 2026-03-05 03:00:00+00:00, run_after=2026-03-06 03:00:00+00:00
[2026-03-05T11:04:33.128+0000] {processor.py:183} INFO - Processing /opt/airflow/dags/mongo_to_postgres.py took 0.489 seconds
[2026-03-05T11:05:03.673+0000] {processor.py:161} INFO - Started process (PID=747) to work on /opt/airflow/dags/mongo_to_postgres.py
[2026-03-05T11:05:03.674+0000] {processor.py:830} INFO - Processing file /opt/airflow/dags/mongo_to_postgres.py for tasks to queue
[2026-03-05T11:05:03.676+0000] {logging_mixin.py:188} INFO - [2026-03-05T11:05:03.675+0000] {dagbag.py:545} INFO - Filling up the DagBag from /opt/airflow/dags/mongo_to_postgres.py
[2026-03-05T11:05:04.067+0000] {processor.py:840} INFO - DAG(s) 'mongo_to_postgres' retrieved from /opt/airflow/dags/mongo_to_postgres.py
[2026-03-05T11:05:04.090+0000] {logging_mixin.py:188} INFO - [2026-03-05T11:05:04.090+0000] {dag.py:3089} INFO - Sync 1 DAGs
[2026-03-05T11:05:04.104+0000] {logging_mixin.py:188} INFO - [2026-03-05T11:05:04.104+0000] {dag.py:3947} INFO - Setting next_dagrun for mongo_to_postgres to 2026-03-05 03:00:00+00:00, run_after=2026-03-06 03:00:00+00:00
[2026-03-05T11:05:04.117+0000] {processor.py:183} INFO - Processing /opt/airflow/dags/mongo_to_postgres.py took 0.452 seconds
[2026-03-05T11:05:34.793+0000] {processor.py:161} INFO - Started process (PID=756) to work on /opt/airflow/dags/mongo_to_postgres.py
[2026-03-05T11:05:34.794+0000] {processor.py:830} INFO - Processing file /opt/airflow/dags/mongo_to_postgres.py for tasks to queue
[2026-03-05T11:05:34.795+0000] {logging_mixin.py:188} INFO - [2026-03-05T11:05:34.795+0000] {dagbag.py:545} INFO - Filling up the DagBag from /opt/airflow/dags/mongo_to_postgres.py
[2026-03-05T11:05:35.163+0000] {processor.py:840} INFO - DAG(s) 'mongo_to_postgres' retrieved from /opt/airflow/dags/mongo_to_postgres.py
[2026-03-05T11:05:35.186+0000] {logging_mixin.py:188} INFO - [2026-03-05T11:05:35.185+0000] {dag.py:3089} INFO - Sync 1 DAGs
[2026-03-05T11:05:35.202+0000] {logging_mixin.py:188} INFO - [2026-03-05T11:05:35.202+0000] {dag.py:3947} INFO - Setting next_dagrun for mongo_to_postgres to 2026-03-05 03:00:00+00:00, run_after=2026-03-06 03:00:00+00:00
[2026-03-05T11:05:35.215+0000] {processor.py:183} INFO - Processing /opt/airflow/dags/mongo_to_postgres.py took 0.430 seconds
[2026-03-05T11:06:05.828+0000] {processor.py:161} INFO - Started process (PID=765) to work on /opt/airflow/dags/mongo_to_postgres.py
[2026-03-05T11:06:05.828+0000] {processor.py:830} INFO - Processing file /opt/airflow/dags/mongo_to_postgres.py for tasks to queue
[2026-03-05T11:06:05.830+0000] {logging_mixin.py:188} INFO - [2026-03-05T11:06:05.830+0000] {dagbag.py:545} INFO - Filling up the DagBag from /opt/airflow/dags/mongo_to_postgres.py
[2026-03-05T11:06:06.215+0000] {processor.py:840} INFO - DAG(s) 'mongo_to_postgres' retrieved from /opt/airflow/dags/mongo_to_postgres.py
[2026-03-05T11:06:06.240+0000] {logging_mixin.py:188} INFO - [2026-03-05T11:06:06.240+0000] {dag.py:3089} INFO - Sync 1 DAGs
[2026-03-05T11:06:06.255+0000] {logging_mixin.py:188} INFO - [2026-03-05T11:06:06.255+0000] {dag.py:3947} INFO - Setting next_dagrun for mongo_to_postgres to 2026-03-05 03:00:00+00:00, run_after=2026-03-06 03:00:00+00:00
[2026-03-05T11:06:06.268+0000] {processor.py:183} INFO - Processing /opt/airflow/dags/mongo_to_postgres.py took 0.447 seconds
[2026-03-05T11:06:36.957+0000] {processor.py:161} INFO - Started process (PID=774) to work on /opt/airflow/dags/mongo_to_postgres.py
[2026-03-05T11:06:36.957+0000] {processor.py:830} INFO - Processing file /opt/airflow/dags/mongo_to_postgres.py for tasks to queue
[2026-03-05T11:06:36.959+0000] {logging_mixin.py:188} INFO - [2026-03-05T11:06:36.959+0000] {dagbag.py:545} INFO - Filling up the DagBag from /opt/airflow/dags/mongo_to_postgres.py
[2026-03-05T11:06:37.339+0000] {processor.py:840} INFO - DAG(s) 'mongo_to_postgres' retrieved from /opt/airflow/dags/mongo_to_postgres.py
[2026-03-05T11:06:37.363+0000] {logging_mixin.py:188} INFO - [2026-03-05T11:06:37.363+0000] {dag.py:3089} INFO - Sync 1 DAGs
[2026-03-05T11:06:37.380+0000] {logging_mixin.py:188} INFO - [2026-03-05T11:06:37.380+0000] {dag.py:3947} INFO - Setting next_dagrun for mongo_to_postgres to 2026-03-05 03:00:00+00:00, run_after=2026-03-06 03:00:00+00:00
[2026-03-05T11:06:37.393+0000] {processor.py:183} INFO - Processing /opt/airflow/dags/mongo_to_postgres.py took 0.444 seconds
[2026-03-05T11:07:08.064+0000] {processor.py:161} INFO - Started process (PID=783) to work on /opt/airflow/dags/mongo_to_postgres.py
[2026-03-05T11:07:08.065+0000] {processor.py:830} INFO - Processing file /opt/airflow/dags/mongo_to_postgres.py for tasks to queue
[2026-03-05T11:07:08.066+0000] {logging_mixin.py:188} INFO - [2026-03-05T11:07:08.066+0000] {dagbag.py:545} INFO - Filling up the DagBag from /opt/airflow/dags/mongo_to_postgres.py
[2026-03-05T11:07:08.502+0000] {processor.py:840} INFO - DAG(s) 'mongo_to_postgres' retrieved from /opt/airflow/dags/mongo_to_postgres.py
[2026-03-05T11:07:08.524+0000] {logging_mixin.py:188} INFO - [2026-03-05T11:07:08.524+0000] {dag.py:3089} INFO - Sync 1 DAGs
[2026-03-05T11:07:08.539+0000] {logging_mixin.py:188} INFO - [2026-03-05T11:07:08.539+0000] {dag.py:3947} INFO - Setting next_dagrun for mongo_to_postgres to 2026-03-05 03:00:00+00:00, run_after=2026-03-06 03:00:00+00:00
[2026-03-05T11:07:08.553+0000] {processor.py:183} INFO - Processing /opt/airflow/dags/mongo_to_postgres.py took 0.495 seconds
[2026-03-05T11:07:39.211+0000] {processor.py:161} INFO - Started process (PID=792) to work on /opt/airflow/dags/mongo_to_postgres.py
[2026-03-05T11:07:39.212+0000] {processor.py:830} INFO - Processing file /opt/airflow/dags/mongo_to_postgres.py for tasks to queue
[2026-03-05T11:07:39.213+0000] {logging_mixin.py:188} INFO - [2026-03-05T11:07:39.213+0000] {dagbag.py:545} INFO - Filling up the DagBag from /opt/airflow/dags/mongo_to_postgres.py
[2026-03-05T11:07:39.608+0000] {processor.py:840} INFO - DAG(s) 'mongo_to_postgres' retrieved from /opt/airflow/dags/mongo_to_postgres.py
[2026-03-05T11:07:39.632+0000] {logging_mixin.py:188} INFO - [2026-03-05T11:07:39.632+0000] {dag.py:3089} INFO - Sync 1 DAGs
[2026-03-05T11:07:39.649+0000] {logging_mixin.py:188} INFO - [2026-03-05T11:07:39.649+0000] {dag.py:3947} INFO - Setting next_dagrun for mongo_to_postgres to 2026-03-05 03:00:00+00:00, run_after=2026-03-06 03:00:00+00:00
[2026-03-05T11:07:39.666+0000] {processor.py:183} INFO - Processing /opt/airflow/dags/mongo_to_postgres.py took 0.464 seconds
[2026-03-05T11:08:10.349+0000] {processor.py:161} INFO - Started process (PID=801) to work on /opt/airflow/dags/mongo_to_postgres.py
[2026-03-05T11:08:10.349+0000] {processor.py:830} INFO - Processing file /opt/airflow/dags/mongo_to_postgres.py for tasks to queue
[2026-03-05T11:08:10.351+0000] {logging_mixin.py:188} INFO - [2026-03-05T11:08:10.351+0000] {dagbag.py:545} INFO - Filling up the DagBag from /opt/airflow/dags/mongo_to_postgres.py
[2026-03-05T11:08:10.806+0000] {processor.py:840} INFO - DAG(s) 'mongo_to_postgres' retrieved from /opt/airflow/dags/mongo_to_postgres.py
[2026-03-05T11:08:10.830+0000] {logging_mixin.py:188} INFO - [2026-03-05T11:08:10.829+0000] {dag.py:3089} INFO - Sync 1 DAGs
[2026-03-05T11:08:10.846+0000] {logging_mixin.py:188} INFO - [2026-03-05T11:08:10.845+0000] {dag.py:3947} INFO - Setting next_dagrun for mongo_to_postgres to 2026-03-05 03:00:00+00:00, run_after=2026-03-06 03:00:00+00:00
[2026-03-05T11:08:10.859+0000] {processor.py:183} INFO - Processing /opt/airflow/dags/mongo_to_postgres.py took 0.517 seconds
[2026-03-05T11:08:41.520+0000] {processor.py:161} INFO - Started process (PID=810) to work on /opt/airflow/dags/mongo_to_postgres.py
[2026-03-05T11:08:41.521+0000] {processor.py:830} INFO - Processing file /opt/airflow/dags/mongo_to_postgres.py for tasks to queue
[2026-03-05T11:08:41.522+0000] {logging_mixin.py:188} INFO - [2026-03-05T11:08:41.522+0000] {dagbag.py:545} INFO - Filling up the DagBag from /opt/airflow/dags/mongo_to_postgres.py
[2026-03-05T11:08:41.895+0000] {processor.py:840} INFO - DAG(s) 'mongo_to_postgres' retrieved from /opt/airflow/dags/mongo_to_postgres.py
[2026-03-05T11:08:41.919+0000] {logging_mixin.py:188} INFO - [2026-03-05T11:08:41.919+0000] {dag.py:3089} INFO - Sync 1 DAGs
[2026-03-05T11:08:41.935+0000] {logging_mixin.py:188} INFO - [2026-03-05T11:08:41.935+0000] {dag.py:3947} INFO - Setting next_dagrun for mongo_to_postgres to 2026-03-05 03:00:00+00:00, run_after=2026-03-06 03:00:00+00:00
[2026-03-05T11:08:41.948+0000] {processor.py:183} INFO - Processing /opt/airflow/dags/mongo_to_postgres.py took 0.435 seconds
[2026-03-05T11:09:12.618+0000] {processor.py:161} INFO - Started process (PID=819) to work on /opt/airflow/dags/mongo_to_postgres.py
[2026-03-05T11:09:12.619+0000] {processor.py:830} INFO - Processing file /opt/airflow/dags/mongo_to_postgres.py for tasks to queue
[2026-03-05T11:09:12.621+0000] {logging_mixin.py:188} INFO - [2026-03-05T11:09:12.620+0000] {dagbag.py:545} INFO - Filling up the DagBag from /opt/airflow/dags/mongo_to_postgres.py
[2026-03-05T11:09:13.088+0000] {processor.py:840} INFO - DAG(s) 'mongo_to_postgres' retrieved from /opt/airflow/dags/mongo_to_postgres.py
[2026-03-05T11:09:13.114+0000] {logging_mixin.py:188} INFO - [2026-03-05T11:09:13.113+0000] {dag.py:3089} INFO - Sync 1 DAGs
[2026-03-05T11:09:13.133+0000] {logging_mixin.py:188} INFO - [2026-03-05T11:09:13.133+0000] {dag.py:3947} INFO - Setting next_dagrun for mongo_to_postgres to 2026-03-05 03:00:00+00:00, run_after=2026-03-06 03:00:00+00:00
[2026-03-05T11:09:13.153+0000] {processor.py:183} INFO - Processing /opt/airflow/dags/mongo_to_postgres.py took 0.542 seconds
