[2026-03-05T10:59:30.149+0000] {processor.py:161} INFO - Started process (PID=39) to work on /opt/airflow/dags/simple_temperature_task.py
[2026-03-05T10:59:30.150+0000] {processor.py:830} INFO - Processing file /opt/airflow/dags/simple_temperature_task.py for tasks to queue
[2026-03-05T10:59:30.152+0000] {logging_mixin.py:188} INFO - [2026-03-05T10:59:30.152+0000] {dagbag.py:545} INFO - Filling up the DagBag from /opt/airflow/dags/simple_temperature_task.py
[2026-03-05T10:59:30.425+0000] {processor.py:840} INFO - DAG(s) 'simple_temperature_task' retrieved from /opt/airflow/dags/simple_temperature_task.py
[2026-03-05T10:59:30.517+0000] {logging_mixin.py:188} INFO - [2026-03-05T10:59:30.516+0000] {override.py:1858} INFO - Created Permission View: can delete on DAG:simple_temperature_task
[2026-03-05T10:59:30.524+0000] {logging_mixin.py:188} INFO - [2026-03-05T10:59:30.524+0000] {override.py:1858} INFO - Created Permission View: can read on DAG:simple_temperature_task
[2026-03-05T10:59:30.530+0000] {logging_mixin.py:188} INFO - [2026-03-05T10:59:30.529+0000] {override.py:1858} INFO - Created Permission View: can edit on DAG:simple_temperature_task
[2026-03-05T10:59:30.530+0000] {logging_mixin.py:188} INFO - [2026-03-05T10:59:30.530+0000] {dag.py:3089} INFO - Sync 1 DAGs
[2026-03-05T10:59:30.541+0000] {logging_mixin.py:188} INFO - [2026-03-05T10:59:30.540+0000] {dag.py:3111} INFO - Creating ORM DAG for simple_temperature_task
[2026-03-05T10:59:30.671+0000] {logging_mixin.py:188} INFO - [2026-03-05T10:59:30.671+0000] {dag.py:3947} INFO - Setting next_dagrun for simple_temperature_task to 2024-01-01 00:00:00+00:00, run_after=2024-01-01 00:00:00+00:00
[2026-03-05T10:59:30.684+0000] {processor.py:183} INFO - Processing /opt/airflow/dags/simple_temperature_task.py took 0.541 seconds
[2026-03-05T11:00:01.337+0000] {processor.py:161} INFO - Started process (PID=114) to work on /opt/airflow/dags/simple_temperature_task.py
[2026-03-05T11:00:01.338+0000] {processor.py:830} INFO - Processing file /opt/airflow/dags/simple_temperature_task.py for tasks to queue
[2026-03-05T11:00:01.340+0000] {logging_mixin.py:188} INFO - [2026-03-05T11:00:01.340+0000] {dagbag.py:545} INFO - Filling up the DagBag from /opt/airflow/dags/simple_temperature_task.py
[2026-03-05T11:00:01.592+0000] {processor.py:840} INFO - DAG(s) 'simple_temperature_task' retrieved from /opt/airflow/dags/simple_temperature_task.py
[2026-03-05T11:00:01.620+0000] {logging_mixin.py:188} INFO - [2026-03-05T11:00:01.620+0000] {dag.py:3089} INFO - Sync 1 DAGs
[2026-03-05T11:00:01.639+0000] {logging_mixin.py:188} INFO - [2026-03-05T11:00:01.638+0000] {dag.py:3947} INFO - Setting next_dagrun for simple_temperature_task to None, run_after=None
[2026-03-05T11:00:01.654+0000] {processor.py:183} INFO - Processing /opt/airflow/dags/simple_temperature_task.py took 0.323 seconds
[2026-03-05T11:00:31.937+0000] {processor.py:161} INFO - Started process (PID=211) to work on /opt/airflow/dags/simple_temperature_task.py
[2026-03-05T11:00:31.938+0000] {processor.py:830} INFO - Processing file /opt/airflow/dags/simple_temperature_task.py for tasks to queue
[2026-03-05T11:00:31.940+0000] {logging_mixin.py:188} INFO - [2026-03-05T11:00:31.939+0000] {dagbag.py:545} INFO - Filling up the DagBag from /opt/airflow/dags/simple_temperature_task.py
[2026-03-05T11:00:32.173+0000] {processor.py:840} INFO - DAG(s) 'simple_temperature_task' retrieved from /opt/airflow/dags/simple_temperature_task.py
[2026-03-05T11:00:32.198+0000] {logging_mixin.py:188} INFO - [2026-03-05T11:00:32.197+0000] {dag.py:3089} INFO - Sync 1 DAGs
[2026-03-05T11:00:32.215+0000] {logging_mixin.py:188} INFO - [2026-03-05T11:00:32.215+0000] {dag.py:3947} INFO - Setting next_dagrun for simple_temperature_task to None, run_after=None
[2026-03-05T11:00:32.336+0000] {processor.py:183} INFO - Processing /opt/airflow/dags/simple_temperature_task.py took 0.404 seconds
[2026-03-05T11:01:28.108+0000] {processor.py:161} INFO - Started process (PID=38) to work on /opt/airflow/dags/simple_temperature_task.py
[2026-03-05T11:01:28.109+0000] {processor.py:830} INFO - Processing file /opt/airflow/dags/simple_temperature_task.py for tasks to queue
[2026-03-05T11:01:28.110+0000] {logging_mixin.py:188} INFO - [2026-03-05T11:01:28.110+0000] {dagbag.py:545} INFO - Filling up the DagBag from /opt/airflow/dags/simple_temperature_task.py
[2026-03-05T11:01:28.349+0000] {processor.py:840} INFO - DAG(s) 'simple_temperature_task' retrieved from /opt/airflow/dags/simple_temperature_task.py
[2026-03-05T11:01:28.364+0000] {logging_mixin.py:188} INFO - [2026-03-05T11:01:28.364+0000] {dag.py:3089} INFO - Sync 1 DAGs
[2026-03-05T11:01:28.385+0000] {logging_mixin.py:188} INFO - [2026-03-05T11:01:28.385+0000] {dag.py:3947} INFO - Setting next_dagrun for simple_temperature_task to None, run_after=None
[2026-03-05T11:01:28.403+0000] {processor.py:183} INFO - Processing /opt/airflow/dags/simple_temperature_task.py took 0.301 seconds
[2026-03-05T11:01:59.084+0000] {processor.py:161} INFO - Started process (PID=46) to work on /opt/airflow/dags/simple_temperature_task.py
[2026-03-05T11:01:59.084+0000] {processor.py:830} INFO - Processing file /opt/airflow/dags/simple_temperature_task.py for tasks to queue
[2026-03-05T11:01:59.086+0000] {logging_mixin.py:188} INFO - [2026-03-05T11:01:59.086+0000] {dagbag.py:545} INFO - Filling up the DagBag from /opt/airflow/dags/simple_temperature_task.py
[2026-03-05T11:01:59.344+0000] {processor.py:840} INFO - DAG(s) 'simple_temperature_task' retrieved from /opt/airflow/dags/simple_temperature_task.py
[2026-03-05T11:01:59.559+0000] {logging_mixin.py:188} INFO - [2026-03-05T11:01:59.559+0000] {dag.py:3089} INFO - Sync 1 DAGs
[2026-03-05T11:01:59.574+0000] {logging_mixin.py:188} INFO - [2026-03-05T11:01:59.574+0000] {dag.py:3947} INFO - Setting next_dagrun for simple_temperature_task to None, run_after=None
[2026-03-05T11:01:59.588+0000] {processor.py:183} INFO - Processing /opt/airflow/dags/simple_temperature_task.py took 0.510 seconds
[2026-03-05T11:02:30.222+0000] {processor.py:161} INFO - Started process (PID=55) to work on /opt/airflow/dags/simple_temperature_task.py
[2026-03-05T11:02:30.223+0000] {processor.py:830} INFO - Processing file /opt/airflow/dags/simple_temperature_task.py for tasks to queue
[2026-03-05T11:02:30.224+0000] {logging_mixin.py:188} INFO - [2026-03-05T11:02:30.224+0000] {dagbag.py:545} INFO - Filling up the DagBag from /opt/airflow/dags/simple_temperature_task.py
[2026-03-05T11:02:30.455+0000] {processor.py:840} INFO - DAG(s) 'simple_temperature_task' retrieved from /opt/airflow/dags/simple_temperature_task.py
[2026-03-05T11:02:30.480+0000] {logging_mixin.py:188} INFO - [2026-03-05T11:02:30.480+0000] {dag.py:3089} INFO - Sync 1 DAGs
[2026-03-05T11:02:30.496+0000] {logging_mixin.py:188} INFO - [2026-03-05T11:02:30.495+0000] {dag.py:3947} INFO - Setting next_dagrun for simple_temperature_task to None, run_after=None
[2026-03-05T11:02:30.510+0000] {processor.py:183} INFO - Processing /opt/airflow/dags/simple_temperature_task.py took 0.294 seconds
[2026-03-05T11:03:01.188+0000] {processor.py:161} INFO - Started process (PID=87) to work on /opt/airflow/dags/simple_temperature_task.py
[2026-03-05T11:03:01.189+0000] {processor.py:830} INFO - Processing file /opt/airflow/dags/simple_temperature_task.py for tasks to queue
[2026-03-05T11:03:01.191+0000] {logging_mixin.py:188} INFO - [2026-03-05T11:03:01.190+0000] {dagbag.py:545} INFO - Filling up the DagBag from /opt/airflow/dags/simple_temperature_task.py
[2026-03-05T11:03:01.421+0000] {processor.py:840} INFO - DAG(s) 'simple_temperature_task' retrieved from /opt/airflow/dags/simple_temperature_task.py
[2026-03-05T11:03:01.447+0000] {logging_mixin.py:188} INFO - [2026-03-05T11:03:01.447+0000] {dag.py:3089} INFO - Sync 1 DAGs
[2026-03-05T11:03:01.562+0000] {logging_mixin.py:188} INFO - [2026-03-05T11:03:01.562+0000] {dag.py:3947} INFO - Setting next_dagrun for simple_temperature_task to None, run_after=None
[2026-03-05T11:03:01.575+0000] {processor.py:183} INFO - Processing /opt/airflow/dags/simple_temperature_task.py took 0.396 seconds
[2026-03-05T11:03:31.663+0000] {processor.py:161} INFO - Started process (PID=237) to work on /opt/airflow/dags/simple_temperature_task.py
[2026-03-05T11:03:31.664+0000] {processor.py:830} INFO - Processing file /opt/airflow/dags/simple_temperature_task.py for tasks to queue
[2026-03-05T11:03:31.666+0000] {logging_mixin.py:188} INFO - [2026-03-05T11:03:31.665+0000] {dagbag.py:545} INFO - Filling up the DagBag from /opt/airflow/dags/simple_temperature_task.py
[2026-03-05T11:03:31.903+0000] {processor.py:840} INFO - DAG(s) 'simple_temperature_task' retrieved from /opt/airflow/dags/simple_temperature_task.py
[2026-03-05T11:03:31.929+0000] {logging_mixin.py:188} INFO - [2026-03-05T11:03:31.929+0000] {dag.py:3089} INFO - Sync 1 DAGs
[2026-03-05T11:03:31.948+0000] {logging_mixin.py:188} INFO - [2026-03-05T11:03:31.947+0000] {dag.py:3947} INFO - Setting next_dagrun for simple_temperature_task to None, run_after=None
[2026-03-05T11:03:31.965+0000] {processor.py:183} INFO - Processing /opt/airflow/dags/simple_temperature_task.py took 0.310 seconds
[2026-03-05T11:04:02.399+0000] {processor.py:161} INFO - Started process (PID=381) to work on /opt/airflow/dags/simple_temperature_task.py
[2026-03-05T11:04:02.400+0000] {processor.py:830} INFO - Processing file /opt/airflow/dags/simple_temperature_task.py for tasks to queue
[2026-03-05T11:04:02.401+0000] {logging_mixin.py:188} INFO - [2026-03-05T11:04:02.401+0000] {dagbag.py:545} INFO - Filling up the DagBag from /opt/airflow/dags/simple_temperature_task.py
[2026-03-05T11:04:02.639+0000] {processor.py:840} INFO - DAG(s) 'simple_temperature_task' retrieved from /opt/airflow/dags/simple_temperature_task.py
[2026-03-05T11:04:02.664+0000] {logging_mixin.py:188} INFO - [2026-03-05T11:04:02.663+0000] {dag.py:3089} INFO - Sync 1 DAGs
[2026-03-05T11:04:02.785+0000] {logging_mixin.py:188} INFO - [2026-03-05T11:04:02.785+0000] {dag.py:3947} INFO - Setting next_dagrun for simple_temperature_task to None, run_after=None
[2026-03-05T11:04:02.798+0000] {processor.py:183} INFO - Processing /opt/airflow/dags/simple_temperature_task.py took 0.410 seconds
[2026-03-05T11:04:33.167+0000] {processor.py:161} INFO - Started process (PID=580) to work on /opt/airflow/dags/simple_temperature_task.py
[2026-03-05T11:04:33.168+0000] {processor.py:830} INFO - Processing file /opt/airflow/dags/simple_temperature_task.py for tasks to queue
[2026-03-05T11:04:33.170+0000] {logging_mixin.py:188} INFO - [2026-03-05T11:04:33.169+0000] {dagbag.py:545} INFO - Filling up the DagBag from /opt/airflow/dags/simple_temperature_task.py
[2026-03-05T11:04:33.407+0000] {processor.py:840} INFO - DAG(s) 'simple_temperature_task' retrieved from /opt/airflow/dags/simple_temperature_task.py
[2026-03-05T11:04:33.434+0000] {logging_mixin.py:188} INFO - [2026-03-05T11:04:33.433+0000] {dag.py:3089} INFO - Sync 1 DAGs
[2026-03-05T11:04:33.451+0000] {logging_mixin.py:188} INFO - [2026-03-05T11:04:33.451+0000] {dag.py:3947} INFO - Setting next_dagrun for simple_temperature_task to None, run_after=None
[2026-03-05T11:04:33.467+0000] {processor.py:183} INFO - Processing /opt/airflow/dags/simple_temperature_task.py took 0.307 seconds
[2026-03-05T11:05:04.152+0000] {processor.py:161} INFO - Started process (PID=753) to work on /opt/airflow/dags/simple_temperature_task.py
[2026-03-05T11:05:04.153+0000] {processor.py:830} INFO - Processing file /opt/airflow/dags/simple_temperature_task.py for tasks to queue
[2026-03-05T11:05:04.155+0000] {logging_mixin.py:188} INFO - [2026-03-05T11:05:04.154+0000] {dagbag.py:545} INFO - Filling up the DagBag from /opt/airflow/dags/simple_temperature_task.py
[2026-03-05T11:05:04.388+0000] {processor.py:840} INFO - DAG(s) 'simple_temperature_task' retrieved from /opt/airflow/dags/simple_temperature_task.py
[2026-03-05T11:05:04.413+0000] {logging_mixin.py:188} INFO - [2026-03-05T11:05:04.412+0000] {dag.py:3089} INFO - Sync 1 DAGs
[2026-03-05T11:05:04.530+0000] {logging_mixin.py:188} INFO - [2026-03-05T11:05:04.530+0000] {dag.py:3947} INFO - Setting next_dagrun for simple_temperature_task to None, run_after=None
[2026-03-05T11:05:04.543+0000] {processor.py:183} INFO - Processing /opt/airflow/dags/simple_temperature_task.py took 0.400 seconds
[2026-03-05T11:05:35.249+0000] {processor.py:161} INFO - Started process (PID=761) to work on /opt/airflow/dags/simple_temperature_task.py
[2026-03-05T11:05:35.250+0000] {processor.py:830} INFO - Processing file /opt/airflow/dags/simple_temperature_task.py for tasks to queue
[2026-03-05T11:05:35.252+0000] {logging_mixin.py:188} INFO - [2026-03-05T11:05:35.251+0000] {dagbag.py:545} INFO - Filling up the DagBag from /opt/airflow/dags/simple_temperature_task.py
[2026-03-05T11:05:35.476+0000] {processor.py:840} INFO - DAG(s) 'simple_temperature_task' retrieved from /opt/airflow/dags/simple_temperature_task.py
[2026-03-05T11:05:35.499+0000] {logging_mixin.py:188} INFO - [2026-03-05T11:05:35.499+0000] {dag.py:3089} INFO - Sync 1 DAGs
[2026-03-05T11:05:35.516+0000] {logging_mixin.py:188} INFO - [2026-03-05T11:05:35.516+0000] {dag.py:3947} INFO - Setting next_dagrun for simple_temperature_task to None, run_after=None
[2026-03-05T11:05:35.531+0000] {processor.py:183} INFO - Processing /opt/airflow/dags/simple_temperature_task.py took 0.290 seconds
[2026-03-05T11:06:06.301+0000] {processor.py:161} INFO - Started process (PID=770) to work on /opt/airflow/dags/simple_temperature_task.py
[2026-03-05T11:06:06.302+0000] {processor.py:830} INFO - Processing file /opt/airflow/dags/simple_temperature_task.py for tasks to queue
[2026-03-05T11:06:06.303+0000] {logging_mixin.py:188} INFO - [2026-03-05T11:06:06.303+0000] {dagbag.py:545} INFO - Filling up the DagBag from /opt/airflow/dags/simple_temperature_task.py
[2026-03-05T11:06:06.528+0000] {processor.py:840} INFO - DAG(s) 'simple_temperature_task' retrieved from /opt/airflow/dags/simple_temperature_task.py
[2026-03-05T11:06:06.553+0000] {logging_mixin.py:188} INFO - [2026-03-05T11:06:06.553+0000] {dag.py:3089} INFO - Sync 1 DAGs
[2026-03-05T11:06:06.670+0000] {logging_mixin.py:188} INFO - [2026-03-05T11:06:06.670+0000] {dag.py:3947} INFO - Setting next_dagrun for simple_temperature_task to None, run_after=None
[2026-03-05T11:06:06.683+0000] {processor.py:183} INFO - Processing /opt/airflow/dags/simple_temperature_task.py took 0.389 seconds
[2026-03-05T11:06:37.428+0000] {processor.py:161} INFO - Started process (PID=779) to work on /opt/airflow/dags/simple_temperature_task.py
[2026-03-05T11:06:37.429+0000] {processor.py:830} INFO - Processing file /opt/airflow/dags/simple_temperature_task.py for tasks to queue
[2026-03-05T11:06:37.430+0000] {logging_mixin.py:188} INFO - [2026-03-05T11:06:37.430+0000] {dagbag.py:545} INFO - Filling up the DagBag from /opt/airflow/dags/simple_temperature_task.py
[2026-03-05T11:06:37.655+0000] {processor.py:840} INFO - DAG(s) 'simple_temperature_task' retrieved from /opt/airflow/dags/simple_temperature_task.py
[2026-03-05T11:06:37.780+0000] {logging_mixin.py:188} INFO - [2026-03-05T11:06:37.780+0000] {dag.py:3089} INFO - Sync 1 DAGs
[2026-03-05T11:06:37.793+0000] {logging_mixin.py:188} INFO - [2026-03-05T11:06:37.793+0000] {dag.py:3947} INFO - Setting next_dagrun for simple_temperature_task to None, run_after=None
[2026-03-05T11:06:37.808+0000] {processor.py:183} INFO - Processing /opt/airflow/dags/simple_temperature_task.py took 0.387 seconds
[2026-03-05T11:07:08.586+0000] {processor.py:161} INFO - Started process (PID=788) to work on /opt/airflow/dags/simple_temperature_task.py
[2026-03-05T11:07:08.587+0000] {processor.py:830} INFO - Processing file /opt/airflow/dags/simple_temperature_task.py for tasks to queue
[2026-03-05T11:07:08.588+0000] {logging_mixin.py:188} INFO - [2026-03-05T11:07:08.588+0000] {dagbag.py:545} INFO - Filling up the DagBag from /opt/airflow/dags/simple_temperature_task.py
[2026-03-05T11:07:08.938+0000] {processor.py:840} INFO - DAG(s) 'simple_temperature_task' retrieved from /opt/airflow/dags/simple_temperature_task.py
[2026-03-05T11:07:08.961+0000] {logging_mixin.py:188} INFO - [2026-03-05T11:07:08.961+0000] {dag.py:3089} INFO - Sync 1 DAGs
[2026-03-05T11:07:08.976+0000] {logging_mixin.py:188} INFO - [2026-03-05T11:07:08.976+0000] {dag.py:3947} INFO - Setting next_dagrun for simple_temperature_task to None, run_after=None
[2026-03-05T11:07:08.990+0000] {processor.py:183} INFO - Processing /opt/airflow/dags/simple_temperature_task.py took 0.412 seconds
[2026-03-05T11:07:39.701+0000] {processor.py:161} INFO - Started process (PID=797) to work on /opt/airflow/dags/simple_temperature_task.py
[2026-03-05T11:07:39.702+0000] {processor.py:830} INFO - Processing file /opt/airflow/dags/simple_temperature_task.py for tasks to queue
[2026-03-05T11:07:39.704+0000] {logging_mixin.py:188} INFO - [2026-03-05T11:07:39.704+0000] {dagbag.py:545} INFO - Filling up the DagBag from /opt/airflow/dags/simple_temperature_task.py
[2026-03-05T11:07:39.932+0000] {processor.py:840} INFO - DAG(s) 'simple_temperature_task' retrieved from /opt/airflow/dags/simple_temperature_task.py
[2026-03-05T11:07:40.072+0000] {logging_mixin.py:188} INFO - [2026-03-05T11:07:40.071+0000] {dag.py:3089} INFO - Sync 1 DAGs
[2026-03-05T11:07:40.085+0000] {logging_mixin.py:188} INFO - [2026-03-05T11:07:40.084+0000] {dag.py:3947} INFO - Setting next_dagrun for simple_temperature_task to None, run_after=None
[2026-03-05T11:07:40.098+0000] {processor.py:183} INFO - Processing /opt/airflow/dags/simple_temperature_task.py took 0.404 seconds
[2026-03-05T11:08:10.894+0000] {processor.py:161} INFO - Started process (PID=807) to work on /opt/airflow/dags/simple_temperature_task.py
[2026-03-05T11:08:10.895+0000] {processor.py:830} INFO - Processing file /opt/airflow/dags/simple_temperature_task.py for tasks to queue
[2026-03-05T11:08:10.897+0000] {logging_mixin.py:188} INFO - [2026-03-05T11:08:10.897+0000] {dagbag.py:545} INFO - Filling up the DagBag from /opt/airflow/dags/simple_temperature_task.py
[2026-03-05T11:08:11.241+0000] {processor.py:840} INFO - DAG(s) 'simple_temperature_task' retrieved from /opt/airflow/dags/simple_temperature_task.py
[2026-03-05T11:08:11.263+0000] {logging_mixin.py:188} INFO - [2026-03-05T11:08:11.262+0000] {dag.py:3089} INFO - Sync 1 DAGs
[2026-03-05T11:08:11.277+0000] {logging_mixin.py:188} INFO - [2026-03-05T11:08:11.277+0000] {dag.py:3947} INFO - Setting next_dagrun for simple_temperature_task to None, run_after=None
[2026-03-05T11:08:11.290+0000] {processor.py:183} INFO - Processing /opt/airflow/dags/simple_temperature_task.py took 0.404 seconds
[2026-03-05T11:08:41.981+0000] {processor.py:161} INFO - Started process (PID=815) to work on /opt/airflow/dags/simple_temperature_task.py
[2026-03-05T11:08:41.982+0000] {processor.py:830} INFO - Processing file /opt/airflow/dags/simple_temperature_task.py for tasks to queue
[2026-03-05T11:08:41.984+0000] {logging_mixin.py:188} INFO - [2026-03-05T11:08:41.983+0000] {dagbag.py:545} INFO - Filling up the DagBag from /opt/airflow/dags/simple_temperature_task.py
[2026-03-05T11:08:42.346+0000] {processor.py:840} INFO - DAG(s) 'simple_temperature_task' retrieved from /opt/airflow/dags/simple_temperature_task.py
[2026-03-05T11:08:42.369+0000] {logging_mixin.py:188} INFO - [2026-03-05T11:08:42.369+0000] {dag.py:3089} INFO - Sync 1 DAGs
[2026-03-05T11:08:42.383+0000] {logging_mixin.py:188} INFO - [2026-03-05T11:08:42.383+0000] {dag.py:3947} INFO - Setting next_dagrun for simple_temperature_task to None, run_after=None
[2026-03-05T11:08:42.395+0000] {processor.py:183} INFO - Processing /opt/airflow/dags/simple_temperature_task.py took 0.421 seconds
[2026-03-05T11:09:13.212+0000] {processor.py:161} INFO - Started process (PID=824) to work on /opt/airflow/dags/simple_temperature_task.py
[2026-03-05T11:09:13.213+0000] {processor.py:830} INFO - Processing file /opt/airflow/dags/simple_temperature_task.py for tasks to queue
[2026-03-05T11:09:13.219+0000] {logging_mixin.py:188} INFO - [2026-03-05T11:09:13.219+0000] {dagbag.py:545} INFO - Filling up the DagBag from /opt/airflow/dags/simple_temperature_task.py
[2026-03-05T11:09:13.669+0000] {processor.py:840} INFO - DAG(s) 'simple_temperature_task' retrieved from /opt/airflow/dags/simple_temperature_task.py
[2026-03-05T11:09:13.695+0000] {logging_mixin.py:188} INFO - [2026-03-05T11:09:13.695+0000] {dag.py:3089} INFO - Sync 1 DAGs
[2026-03-05T11:09:13.712+0000] {logging_mixin.py:188} INFO - [2026-03-05T11:09:13.712+0000] {dag.py:3947} INFO - Setting next_dagrun for simple_temperature_task to None, run_after=None
[2026-03-05T11:09:13.729+0000] {processor.py:183} INFO - Processing /opt/airflow/dags/simple_temperature_task.py took 0.529 seconds
