[2026-03-05T10:59:29.758+0000] {processor.py:161} INFO - Started process (PID=37) to work on /opt/airflow/dags/temperature_load_dag.py
[2026-03-05T10:59:29.759+0000] {processor.py:830} INFO - Processing file /opt/airflow/dags/temperature_load_dag.py for tasks to queue
[2026-03-05T10:59:29.761+0000] {logging_mixin.py:188} INFO - [2026-03-05T10:59:29.761+0000] {dagbag.py:545} INFO - Filling up the DagBag from /opt/airflow/dags/temperature_load_dag.py
[2026-03-05T10:59:30.040+0000] {processor.py:840} INFO - DAG(s) 'temperature_load_dag' retrieved from /opt/airflow/dags/temperature_load_dag.py
[2026-03-05T10:59:30.135+0000] {logging_mixin.py:188} INFO - [2026-03-05T10:59:30.135+0000] {override.py:1858} INFO - Created Permission View: can delete on DAG:temperature_load_dag
[2026-03-05T10:59:30.143+0000] {logging_mixin.py:188} INFO - [2026-03-05T10:59:30.143+0000] {override.py:1858} INFO - Created Permission View: can read on DAG:temperature_load_dag
[2026-03-05T10:59:30.149+0000] {logging_mixin.py:188} INFO - [2026-03-05T10:59:30.149+0000] {override.py:1858} INFO - Created Permission View: can edit on DAG:temperature_load_dag
[2026-03-05T10:59:30.149+0000] {logging_mixin.py:188} INFO - [2026-03-05T10:59:30.149+0000] {dag.py:3089} INFO - Sync 1 DAGs
[2026-03-05T10:59:30.159+0000] {logging_mixin.py:188} INFO - [2026-03-05T10:59:30.159+0000] {dag.py:3111} INFO - Creating ORM DAG for temperature_load_dag
[2026-03-05T10:59:30.279+0000] {logging_mixin.py:188} INFO - [2026-03-05T10:59:30.279+0000] {dag.py:3947} INFO - Setting next_dagrun for temperature_load_dag to 2026-03-04 02:00:00+00:00, run_after=2026-03-05 02:00:00+00:00
[2026-03-05T10:59:30.292+0000] {processor.py:183} INFO - Processing /opt/airflow/dags/temperature_load_dag.py took 0.540 seconds
[2026-03-05T11:00:00.989+0000] {processor.py:161} INFO - Started process (PID=111) to work on /opt/airflow/dags/temperature_load_dag.py
[2026-03-05T11:00:00.990+0000] {processor.py:830} INFO - Processing file /opt/airflow/dags/temperature_load_dag.py for tasks to queue
[2026-03-05T11:00:00.992+0000] {logging_mixin.py:188} INFO - [2026-03-05T11:00:00.991+0000] {dagbag.py:545} INFO - Filling up the DagBag from /opt/airflow/dags/temperature_load_dag.py
[2026-03-05T11:00:01.245+0000] {processor.py:840} INFO - DAG(s) 'temperature_load_dag' retrieved from /opt/airflow/dags/temperature_load_dag.py
[2026-03-05T11:00:01.271+0000] {logging_mixin.py:188} INFO - [2026-03-05T11:00:01.271+0000] {dag.py:3089} INFO - Sync 1 DAGs
[2026-03-05T11:00:01.289+0000] {logging_mixin.py:188} INFO - [2026-03-05T11:00:01.289+0000] {dag.py:3947} INFO - Setting next_dagrun for temperature_load_dag to 2026-03-05 02:00:00+00:00, run_after=2026-03-06 02:00:00+00:00
[2026-03-05T11:00:01.305+0000] {processor.py:183} INFO - Processing /opt/airflow/dags/temperature_load_dag.py took 0.323 seconds
[2026-03-05T11:00:31.613+0000] {processor.py:161} INFO - Started process (PID=208) to work on /opt/airflow/dags/temperature_load_dag.py
[2026-03-05T11:00:31.614+0000] {processor.py:830} INFO - Processing file /opt/airflow/dags/temperature_load_dag.py for tasks to queue
[2026-03-05T11:00:31.616+0000] {logging_mixin.py:188} INFO - [2026-03-05T11:00:31.615+0000] {dagbag.py:545} INFO - Filling up the DagBag from /opt/airflow/dags/temperature_load_dag.py
[2026-03-05T11:00:31.849+0000] {processor.py:840} INFO - DAG(s) 'temperature_load_dag' retrieved from /opt/airflow/dags/temperature_load_dag.py
[2026-03-05T11:00:31.874+0000] {logging_mixin.py:188} INFO - [2026-03-05T11:00:31.873+0000] {dag.py:3089} INFO - Sync 1 DAGs
[2026-03-05T11:00:31.891+0000] {logging_mixin.py:188} INFO - [2026-03-05T11:00:31.891+0000] {dag.py:3947} INFO - Setting next_dagrun for temperature_load_dag to 2026-03-05 02:00:00+00:00, run_after=2026-03-06 02:00:00+00:00
[2026-03-05T11:00:32.010+0000] {processor.py:183} INFO - Processing /opt/airflow/dags/temperature_load_dag.py took 0.401 seconds
[2026-03-05T11:01:28.101+0000] {processor.py:161} INFO - Started process (PID=37) to work on /opt/airflow/dags/temperature_load_dag.py
[2026-03-05T11:01:28.102+0000] {processor.py:830} INFO - Processing file /opt/airflow/dags/temperature_load_dag.py for tasks to queue
[2026-03-05T11:01:28.104+0000] {logging_mixin.py:188} INFO - [2026-03-05T11:01:28.104+0000] {dagbag.py:545} INFO - Filling up the DagBag from /opt/airflow/dags/temperature_load_dag.py
[2026-03-05T11:01:28.343+0000] {processor.py:840} INFO - DAG(s) 'temperature_load_dag' retrieved from /opt/airflow/dags/temperature_load_dag.py
[2026-03-05T11:01:28.357+0000] {logging_mixin.py:188} INFO - [2026-03-05T11:01:28.357+0000] {dag.py:3089} INFO - Sync 1 DAGs
[2026-03-05T11:01:28.378+0000] {logging_mixin.py:188} INFO - [2026-03-05T11:01:28.378+0000] {dag.py:3947} INFO - Setting next_dagrun for temperature_load_dag to 2026-03-05 02:00:00+00:00, run_after=2026-03-06 02:00:00+00:00
[2026-03-05T11:01:28.395+0000] {processor.py:183} INFO - Processing /opt/airflow/dags/temperature_load_dag.py took 0.299 seconds
[2026-03-05T11:01:59.076+0000] {processor.py:161} INFO - Started process (PID=45) to work on /opt/airflow/dags/temperature_load_dag.py
[2026-03-05T11:01:59.077+0000] {processor.py:830} INFO - Processing file /opt/airflow/dags/temperature_load_dag.py for tasks to queue
[2026-03-05T11:01:59.079+0000] {logging_mixin.py:188} INFO - [2026-03-05T11:01:59.079+0000] {dagbag.py:545} INFO - Filling up the DagBag from /opt/airflow/dags/temperature_load_dag.py
[2026-03-05T11:01:59.329+0000] {processor.py:840} INFO - DAG(s) 'temperature_load_dag' retrieved from /opt/airflow/dags/temperature_load_dag.py
[2026-03-05T11:01:59.554+0000] {logging_mixin.py:188} INFO - [2026-03-05T11:01:59.553+0000] {dag.py:3089} INFO - Sync 1 DAGs
[2026-03-05T11:01:59.568+0000] {logging_mixin.py:188} INFO - [2026-03-05T11:01:59.568+0000] {dag.py:3947} INFO - Setting next_dagrun for temperature_load_dag to 2026-03-05 02:00:00+00:00, run_after=2026-03-06 02:00:00+00:00
[2026-03-05T11:01:59.584+0000] {processor.py:183} INFO - Processing /opt/airflow/dags/temperature_load_dag.py took 0.512 seconds
[2026-03-05T11:02:29.888+0000] {processor.py:161} INFO - Started process (PID=52) to work on /opt/airflow/dags/temperature_load_dag.py
[2026-03-05T11:02:29.889+0000] {processor.py:830} INFO - Processing file /opt/airflow/dags/temperature_load_dag.py for tasks to queue
[2026-03-05T11:02:29.891+0000] {logging_mixin.py:188} INFO - [2026-03-05T11:02:29.890+0000] {dagbag.py:545} INFO - Filling up the DagBag from /opt/airflow/dags/temperature_load_dag.py
[2026-03-05T11:02:30.127+0000] {processor.py:840} INFO - DAG(s) 'temperature_load_dag' retrieved from /opt/airflow/dags/temperature_load_dag.py
[2026-03-05T11:02:30.160+0000] {logging_mixin.py:188} INFO - [2026-03-05T11:02:30.159+0000] {dag.py:3089} INFO - Sync 1 DAGs
[2026-03-05T11:02:30.180+0000] {logging_mixin.py:188} INFO - [2026-03-05T11:02:30.180+0000] {dag.py:3947} INFO - Setting next_dagrun for temperature_load_dag to 2026-03-05 02:00:00+00:00, run_after=2026-03-06 02:00:00+00:00
[2026-03-05T11:02:30.196+0000] {processor.py:183} INFO - Processing /opt/airflow/dags/temperature_load_dag.py took 0.312 seconds
[2026-03-05T11:03:00.701+0000] {processor.py:161} INFO - Started process (PID=84) to work on /opt/airflow/dags/temperature_load_dag.py
[2026-03-05T11:03:00.702+0000] {processor.py:830} INFO - Processing file /opt/airflow/dags/temperature_load_dag.py for tasks to queue
[2026-03-05T11:03:00.704+0000] {logging_mixin.py:188} INFO - [2026-03-05T11:03:00.704+0000] {dagbag.py:545} INFO - Filling up the DagBag from /opt/airflow/dags/temperature_load_dag.py
[2026-03-05T11:03:00.951+0000] {processor.py:840} INFO - DAG(s) 'temperature_load_dag' retrieved from /opt/airflow/dags/temperature_load_dag.py
[2026-03-05T11:03:00.980+0000] {logging_mixin.py:188} INFO - [2026-03-05T11:03:00.979+0000] {dag.py:3089} INFO - Sync 1 DAGs
[2026-03-05T11:03:01.146+0000] {logging_mixin.py:188} INFO - [2026-03-05T11:03:01.146+0000] {dag.py:3947} INFO - Setting next_dagrun for temperature_load_dag to 2026-03-05 02:00:00+00:00, run_after=2026-03-06 02:00:00+00:00
[2026-03-05T11:03:01.161+0000] {processor.py:183} INFO - Processing /opt/airflow/dags/temperature_load_dag.py took 0.467 seconds
[2026-03-05T11:03:31.323+0000] {processor.py:161} INFO - Started process (PID=234) to work on /opt/airflow/dags/temperature_load_dag.py
[2026-03-05T11:03:31.324+0000] {processor.py:830} INFO - Processing file /opt/airflow/dags/temperature_load_dag.py for tasks to queue
[2026-03-05T11:03:31.325+0000] {logging_mixin.py:188} INFO - [2026-03-05T11:03:31.325+0000] {dagbag.py:545} INFO - Filling up the DagBag from /opt/airflow/dags/temperature_load_dag.py
[2026-03-05T11:03:31.568+0000] {processor.py:840} INFO - DAG(s) 'temperature_load_dag' retrieved from /opt/airflow/dags/temperature_load_dag.py
[2026-03-05T11:03:31.598+0000] {logging_mixin.py:188} INFO - [2026-03-05T11:03:31.597+0000] {dag.py:3089} INFO - Sync 1 DAGs
[2026-03-05T11:03:31.618+0000] {logging_mixin.py:188} INFO - [2026-03-05T11:03:31.618+0000] {dag.py:3947} INFO - Setting next_dagrun for temperature_load_dag to 2026-03-05 02:00:00+00:00, run_after=2026-03-06 02:00:00+00:00
[2026-03-05T11:03:31.634+0000] {processor.py:183} INFO - Processing /opt/airflow/dags/temperature_load_dag.py took 0.319 seconds
[2026-03-05T11:04:01.932+0000] {processor.py:161} INFO - Started process (PID=377) to work on /opt/airflow/dags/temperature_load_dag.py
[2026-03-05T11:04:01.933+0000] {processor.py:830} INFO - Processing file /opt/airflow/dags/temperature_load_dag.py for tasks to queue
[2026-03-05T11:04:01.935+0000] {logging_mixin.py:188} INFO - [2026-03-05T11:04:01.934+0000] {dagbag.py:545} INFO - Filling up the DagBag from /opt/airflow/dags/temperature_load_dag.py
[2026-03-05T11:04:02.179+0000] {processor.py:840} INFO - DAG(s) 'temperature_load_dag' retrieved from /opt/airflow/dags/temperature_load_dag.py
[2026-03-05T11:04:02.210+0000] {logging_mixin.py:188} INFO - [2026-03-05T11:04:02.209+0000] {dag.py:3089} INFO - Sync 1 DAGs
[2026-03-05T11:04:02.374+0000] {logging_mixin.py:188} INFO - [2026-03-05T11:04:02.373+0000] {dag.py:3947} INFO - Setting next_dagrun for temperature_load_dag to 2026-03-05 02:00:00+00:00, run_after=2026-03-06 02:00:00+00:00
[2026-03-05T11:04:02.389+0000] {processor.py:183} INFO - Processing /opt/airflow/dags/temperature_load_dag.py took 0.464 seconds
[2026-03-05T11:04:33.110+0000] {processor.py:161} INFO - Started process (PID=578) to work on /opt/airflow/dags/temperature_load_dag.py
[2026-03-05T11:04:33.111+0000] {processor.py:830} INFO - Processing file /opt/airflow/dags/temperature_load_dag.py for tasks to queue
[2026-03-05T11:04:33.113+0000] {logging_mixin.py:188} INFO - [2026-03-05T11:04:33.112+0000] {dagbag.py:545} INFO - Filling up the DagBag from /opt/airflow/dags/temperature_load_dag.py
[2026-03-05T11:04:33.351+0000] {processor.py:840} INFO - DAG(s) 'temperature_load_dag' retrieved from /opt/airflow/dags/temperature_load_dag.py
[2026-03-05T11:04:33.377+0000] {logging_mixin.py:188} INFO - [2026-03-05T11:04:33.377+0000] {dag.py:3089} INFO - Sync 1 DAGs
[2026-03-05T11:04:33.395+0000] {logging_mixin.py:188} INFO - [2026-03-05T11:04:33.395+0000] {dag.py:3947} INFO - Setting next_dagrun for temperature_load_dag to 2026-03-05 02:00:00+00:00, run_after=2026-03-06 02:00:00+00:00
[2026-03-05T11:04:33.412+0000] {processor.py:183} INFO - Processing /opt/airflow/dags/temperature_load_dag.py took 0.310 seconds
[2026-03-05T11:05:04.103+0000] {processor.py:161} INFO - Started process (PID=751) to work on /opt/airflow/dags/temperature_load_dag.py
[2026-03-05T11:05:04.104+0000] {processor.py:830} INFO - Processing file /opt/airflow/dags/temperature_load_dag.py for tasks to queue
[2026-03-05T11:05:04.105+0000] {logging_mixin.py:188} INFO - [2026-03-05T11:05:04.105+0000] {dagbag.py:545} INFO - Filling up the DagBag from /opt/airflow/dags/temperature_load_dag.py
[2026-03-05T11:05:04.349+0000] {processor.py:840} INFO - DAG(s) 'temperature_load_dag' retrieved from /opt/airflow/dags/temperature_load_dag.py
[2026-03-05T11:05:04.375+0000] {logging_mixin.py:188} INFO - [2026-03-05T11:05:04.374+0000] {dag.py:3089} INFO - Sync 1 DAGs
[2026-03-05T11:05:04.503+0000] {logging_mixin.py:188} INFO - [2026-03-05T11:05:04.503+0000] {dag.py:3947} INFO - Setting next_dagrun for temperature_load_dag to 2026-03-05 02:00:00+00:00, run_after=2026-03-06 02:00:00+00:00
[2026-03-05T11:05:04.517+0000] {processor.py:183} INFO - Processing /opt/airflow/dags/temperature_load_dag.py took 0.421 seconds
[2026-03-05T11:05:35.211+0000] {processor.py:161} INFO - Started process (PID=760) to work on /opt/airflow/dags/temperature_load_dag.py
[2026-03-05T11:05:35.212+0000] {processor.py:830} INFO - Processing file /opt/airflow/dags/temperature_load_dag.py for tasks to queue
[2026-03-05T11:05:35.213+0000] {logging_mixin.py:188} INFO - [2026-03-05T11:05:35.213+0000] {dagbag.py:545} INFO - Filling up the DagBag from /opt/airflow/dags/temperature_load_dag.py
[2026-03-05T11:05:35.441+0000] {processor.py:840} INFO - DAG(s) 'temperature_load_dag' retrieved from /opt/airflow/dags/temperature_load_dag.py
[2026-03-05T11:05:35.576+0000] {logging_mixin.py:188} INFO - [2026-03-05T11:05:35.576+0000] {dag.py:3089} INFO - Sync 1 DAGs
[2026-03-05T11:05:35.591+0000] {logging_mixin.py:188} INFO - [2026-03-05T11:05:35.591+0000] {dag.py:3947} INFO - Setting next_dagrun for temperature_load_dag to 2026-03-05 02:00:00+00:00, run_after=2026-03-06 02:00:00+00:00
[2026-03-05T11:05:35.605+0000] {processor.py:183} INFO - Processing /opt/airflow/dags/temperature_load_dag.py took 0.402 seconds
[2026-03-05T11:06:06.259+0000] {processor.py:161} INFO - Started process (PID=769) to work on /opt/airflow/dags/temperature_load_dag.py
[2026-03-05T11:06:06.260+0000] {processor.py:830} INFO - Processing file /opt/airflow/dags/temperature_load_dag.py for tasks to queue
[2026-03-05T11:06:06.262+0000] {logging_mixin.py:188} INFO - [2026-03-05T11:06:06.262+0000] {dagbag.py:545} INFO - Filling up the DagBag from /opt/airflow/dags/temperature_load_dag.py
[2026-03-05T11:06:06.491+0000] {processor.py:840} INFO - DAG(s) 'temperature_load_dag' retrieved from /opt/airflow/dags/temperature_load_dag.py
[2026-03-05T11:06:06.515+0000] {logging_mixin.py:188} INFO - [2026-03-05T11:06:06.515+0000] {dag.py:3089} INFO - Sync 1 DAGs
[2026-03-05T11:06:06.635+0000] {logging_mixin.py:188} INFO - [2026-03-05T11:06:06.635+0000] {dag.py:3947} INFO - Setting next_dagrun for temperature_load_dag to 2026-03-05 02:00:00+00:00, run_after=2026-03-06 02:00:00+00:00
[2026-03-05T11:06:06.649+0000] {processor.py:183} INFO - Processing /opt/airflow/dags/temperature_load_dag.py took 0.397 seconds
[2026-03-05T11:06:37.390+0000] {processor.py:161} INFO - Started process (PID=778) to work on /opt/airflow/dags/temperature_load_dag.py
[2026-03-05T11:06:37.391+0000] {processor.py:830} INFO - Processing file /opt/airflow/dags/temperature_load_dag.py for tasks to queue
[2026-03-05T11:06:37.392+0000] {logging_mixin.py:188} INFO - [2026-03-05T11:06:37.392+0000] {dagbag.py:545} INFO - Filling up the DagBag from /opt/airflow/dags/temperature_load_dag.py
[2026-03-05T11:06:37.622+0000] {processor.py:840} INFO - DAG(s) 'temperature_load_dag' retrieved from /opt/airflow/dags/temperature_load_dag.py
[2026-03-05T11:06:37.764+0000] {logging_mixin.py:188} INFO - [2026-03-05T11:06:37.763+0000] {dag.py:3089} INFO - Sync 1 DAGs
[2026-03-05T11:06:37.779+0000] {logging_mixin.py:188} INFO - [2026-03-05T11:06:37.779+0000] {dag.py:3947} INFO - Setting next_dagrun for temperature_load_dag to 2026-03-05 02:00:00+00:00, run_after=2026-03-06 02:00:00+00:00
[2026-03-05T11:06:37.792+0000] {processor.py:183} INFO - Processing /opt/airflow/dags/temperature_load_dag.py took 0.410 seconds
[2026-03-05T11:07:08.541+0000] {processor.py:161} INFO - Started process (PID=787) to work on /opt/airflow/dags/temperature_load_dag.py
[2026-03-05T11:07:08.542+0000] {processor.py:830} INFO - Processing file /opt/airflow/dags/temperature_load_dag.py for tasks to queue
[2026-03-05T11:07:08.543+0000] {logging_mixin.py:188} INFO - [2026-03-05T11:07:08.543+0000] {dagbag.py:545} INFO - Filling up the DagBag from /opt/airflow/dags/temperature_load_dag.py
[2026-03-05T11:07:08.884+0000] {processor.py:840} INFO - DAG(s) 'temperature_load_dag' retrieved from /opt/airflow/dags/temperature_load_dag.py
[2026-03-05T11:07:08.908+0000] {logging_mixin.py:188} INFO - [2026-03-05T11:07:08.908+0000] {dag.py:3089} INFO - Sync 1 DAGs
[2026-03-05T11:07:08.925+0000] {logging_mixin.py:188} INFO - [2026-03-05T11:07:08.925+0000] {dag.py:3947} INFO - Setting next_dagrun for temperature_load_dag to 2026-03-05 02:00:00+00:00, run_after=2026-03-06 02:00:00+00:00
[2026-03-05T11:07:08.940+0000] {processor.py:183} INFO - Processing /opt/airflow/dags/temperature_load_dag.py took 0.406 seconds
[2026-03-05T11:07:39.684+0000] {processor.py:161} INFO - Started process (PID=796) to work on /opt/airflow/dags/temperature_load_dag.py
[2026-03-05T11:07:39.685+0000] {processor.py:830} INFO - Processing file /opt/airflow/dags/temperature_load_dag.py for tasks to queue
[2026-03-05T11:07:39.687+0000] {logging_mixin.py:188} INFO - [2026-03-05T11:07:39.686+0000] {dagbag.py:545} INFO - Filling up the DagBag from /opt/airflow/dags/temperature_load_dag.py
[2026-03-05T11:07:39.920+0000] {processor.py:840} INFO - DAG(s) 'temperature_load_dag' retrieved from /opt/airflow/dags/temperature_load_dag.py
[2026-03-05T11:07:40.051+0000] {logging_mixin.py:188} INFO - [2026-03-05T11:07:40.051+0000] {dag.py:3089} INFO - Sync 1 DAGs
[2026-03-05T11:07:40.065+0000] {logging_mixin.py:188} INFO - [2026-03-05T11:07:40.065+0000] {dag.py:3947} INFO - Setting next_dagrun for temperature_load_dag to 2026-03-05 02:00:00+00:00, run_after=2026-03-06 02:00:00+00:00
[2026-03-05T11:07:40.079+0000] {processor.py:183} INFO - Processing /opt/airflow/dags/temperature_load_dag.py took 0.402 seconds
[2026-03-05T11:08:10.843+0000] {processor.py:161} INFO - Started process (PID=805) to work on /opt/airflow/dags/temperature_load_dag.py
[2026-03-05T11:08:10.844+0000] {processor.py:830} INFO - Processing file /opt/airflow/dags/temperature_load_dag.py for tasks to queue
[2026-03-05T11:08:10.846+0000] {logging_mixin.py:188} INFO - [2026-03-05T11:08:10.845+0000] {dagbag.py:545} INFO - Filling up the DagBag from /opt/airflow/dags/temperature_load_dag.py
[2026-03-05T11:08:11.194+0000] {processor.py:840} INFO - DAG(s) 'temperature_load_dag' retrieved from /opt/airflow/dags/temperature_load_dag.py
[2026-03-05T11:08:11.215+0000] {logging_mixin.py:188} INFO - [2026-03-05T11:08:11.215+0000] {dag.py:3089} INFO - Sync 1 DAGs
[2026-03-05T11:08:11.231+0000] {logging_mixin.py:188} INFO - [2026-03-05T11:08:11.230+0000] {dag.py:3947} INFO - Setting next_dagrun for temperature_load_dag to 2026-03-05 02:00:00+00:00, run_after=2026-03-06 02:00:00+00:00
[2026-03-05T11:08:11.245+0000] {processor.py:183} INFO - Processing /opt/airflow/dags/temperature_load_dag.py took 0.410 seconds
[2026-03-05T11:08:41.944+0000] {processor.py:161} INFO - Started process (PID=814) to work on /opt/airflow/dags/temperature_load_dag.py
[2026-03-05T11:08:41.945+0000] {processor.py:830} INFO - Processing file /opt/airflow/dags/temperature_load_dag.py for tasks to queue
[2026-03-05T11:08:41.946+0000] {logging_mixin.py:188} INFO - [2026-03-05T11:08:41.946+0000] {dagbag.py:545} INFO - Filling up the DagBag from /opt/airflow/dags/temperature_load_dag.py
[2026-03-05T11:08:42.306+0000] {processor.py:840} INFO - DAG(s) 'temperature_load_dag' retrieved from /opt/airflow/dags/temperature_load_dag.py
[2026-03-05T11:08:42.328+0000] {logging_mixin.py:188} INFO - [2026-03-05T11:08:42.328+0000] {dag.py:3089} INFO - Sync 1 DAGs
[2026-03-05T11:08:42.344+0000] {logging_mixin.py:188} INFO - [2026-03-05T11:08:42.344+0000] {dag.py:3947} INFO - Setting next_dagrun for temperature_load_dag to 2026-03-05 02:00:00+00:00, run_after=2026-03-06 02:00:00+00:00
[2026-03-05T11:08:42.359+0000] {processor.py:183} INFO - Processing /opt/airflow/dags/temperature_load_dag.py took 0.422 seconds
[2026-03-05T11:09:13.140+0000] {processor.py:161} INFO - Started process (PID=823) to work on /opt/airflow/dags/temperature_load_dag.py
[2026-03-05T11:09:13.141+0000] {processor.py:830} INFO - Processing file /opt/airflow/dags/temperature_load_dag.py for tasks to queue
[2026-03-05T11:09:13.143+0000] {logging_mixin.py:188} INFO - [2026-03-05T11:09:13.143+0000] {dagbag.py:545} INFO - Filling up the DagBag from /opt/airflow/dags/temperature_load_dag.py
[2026-03-05T11:09:13.616+0000] {processor.py:840} INFO - DAG(s) 'temperature_load_dag' retrieved from /opt/airflow/dags/temperature_load_dag.py
[2026-03-05T11:09:13.639+0000] {logging_mixin.py:188} INFO - [2026-03-05T11:09:13.639+0000] {dag.py:3089} INFO - Sync 1 DAGs
[2026-03-05T11:09:13.661+0000] {logging_mixin.py:188} INFO - [2026-03-05T11:09:13.661+0000] {dag.py:3947} INFO - Setting next_dagrun for temperature_load_dag to 2026-03-05 02:00:00+00:00, run_after=2026-03-06 02:00:00+00:00
[2026-03-05T11:09:13.679+0000] {processor.py:183} INFO - Processing /opt/airflow/dags/temperature_load_dag.py took 0.549 seconds
