[2026-03-05T11:00:05.726+0000] {local_task_job_runner.py:120} INFO - ::group::Pre task execution logs
[2026-03-05T11:00:05.751+0000] {taskinstance.py:2076} INFO - Dependencies all met for dep_context=non-requeueable deps ti=<TaskInstance: temperature_load_dag.full_load scheduled__2026-03-04T02:00:00+00:00 [queued]>
[2026-03-05T11:00:05.758+0000] {taskinstance.py:2076} INFO - Dependencies all met for dep_context=requeueable deps ti=<TaskInstance: temperature_load_dag.full_load scheduled__2026-03-04T02:00:00+00:00 [queued]>
[2026-03-05T11:00:05.758+0000] {taskinstance.py:2306} INFO - Starting attempt 1 of 2
[2026-03-05T11:00:05.767+0000] {taskinstance.py:2330} INFO - Executing <Task(PythonOperator): full_load> on 2026-03-04 02:00:00+00:00
[2026-03-05T11:00:05.775+0000] {standard_task_runner.py:90} INFO - Running: ['***', 'tasks', 'run', 'temperature_load_dag', 'full_load', 'scheduled__2026-03-04T02:00:00+00:00', '--job-id', '6', '--raw', '--subdir', 'DAGS_FOLDER/temperature_load_dag.py', '--cfg-path', '/tmp/tmpbh6bab5n']
[2026-03-05T11:00:05.778+0000] {logging_mixin.py:188} WARNING - /home/***/.local/lib/python3.12/site-packages/***/task/task_runner/standard_task_runner.py:62 DeprecationWarning: This process (pid=133) is multi-threaded, use of fork() may lead to deadlocks in the child.
[2026-03-05T11:00:05.778+0000] {standard_task_runner.py:91} INFO - Job 6: Subtask full_load
[2026-03-05T11:00:05.779+0000] {standard_task_runner.py:64} INFO - Started process 150 to run task
[2026-03-05T11:00:05.837+0000] {task_command.py:426} INFO - Running <TaskInstance: temperature_load_dag.full_load scheduled__2026-03-04T02:00:00+00:00 [running]> on host ad8b77f7a6a6
[2026-03-05T11:00:05.913+0000] {taskinstance.py:2648} INFO - Exporting env vars: AIRFLOW_CTX_DAG_OWNER='student' AIRFLOW_CTX_DAG_ID='temperature_load_dag' AIRFLOW_CTX_TASK_ID='full_load' AIRFLOW_CTX_EXECUTION_DATE='2026-03-04T02:00:00+00:00' AIRFLOW_CTX_TRY_NUMBER='1' AIRFLOW_CTX_DAG_RUN_ID='scheduled__2026-03-04T02:00:00+00:00'
[2026-03-05T11:00:05.914+0000] {taskinstance.py:430} INFO - ::endgroup::
[2026-03-05T11:00:05.964+0000] {logging_mixin.py:188} INFO - Прочитано 20345 записей
[2026-03-05T11:00:06.713+0000] {logging_mixin.py:188} INFO - Загружено 20345 записей
[2026-03-05T11:00:06.715+0000] {python.py:237} INFO - Done. Returned value was: None
[2026-03-05T11:00:06.715+0000] {taskinstance.py:441} INFO - ::group::Post task execution logs
[2026-03-05T11:00:06.725+0000] {taskinstance.py:1206} INFO - Marking task as SUCCESS. dag_id=temperature_load_dag, task_id=full_load, run_id=scheduled__2026-03-04T02:00:00+00:00, execution_date=20260304T020000, start_date=20260305T110005, end_date=20260305T110006
[2026-03-05T11:00:06.755+0000] {local_task_job_runner.py:243} INFO - Task exited with return code 0
[2026-03-05T11:00:06.773+0000] {taskinstance.py:3503} INFO - 0 downstream tasks scheduled from follow-on schedule check
[2026-03-05T11:00:06.775+0000] {local_task_job_runner.py:222} INFO - ::endgroup::
