[2026-03-05T11:03:44.387+0000] {local_task_job_runner.py:120} INFO - ::group::Pre task execution logs
[2026-03-05T11:03:44.482+0000] {taskinstance.py:2076} INFO - Dependencies all met for dep_context=non-requeueable deps ti=<TaskInstance: mongo_dag.check_data manual__2026-03-05T11:03:11.820084+00:00 [queued]>
[2026-03-05T11:03:44.489+0000] {taskinstance.py:2076} INFO - Dependencies all met for dep_context=requeueable deps ti=<TaskInstance: mongo_dag.check_data manual__2026-03-05T11:03:11.820084+00:00 [queued]>
[2026-03-05T11:03:44.490+0000] {taskinstance.py:2306} INFO - Starting attempt 1 of 2
[2026-03-05T11:03:44.500+0000] {taskinstance.py:2330} INFO - Executing <Task(PythonOperator): check_data> on 2026-03-05 11:03:11.820084+00:00
[2026-03-05T11:03:44.504+0000] {standard_task_runner.py:64} INFO - Started process 334 to run task
[2026-03-05T11:03:44.507+0000] {standard_task_runner.py:90} INFO - Running: ['***', 'tasks', 'run', 'mongo_dag', 'check_data', 'manual__2026-03-05T11:03:11.820084+00:00', '--job-id', '21', '--raw', '--subdir', 'DAGS_FOLDER/mongo_dag.py', '--cfg-path', '/tmp/tmp1o8h7i4a']
[2026-03-05T11:03:44.508+0000] {standard_task_runner.py:91} INFO - Job 21: Subtask check_data
[2026-03-05T11:03:44.568+0000] {task_command.py:426} INFO - Running <TaskInstance: mongo_dag.check_data manual__2026-03-05T11:03:11.820084+00:00 [running]> on host ad8b77f7a6a6
[2026-03-05T11:03:44.656+0000] {taskinstance.py:2648} INFO - Exporting env vars: AIRFLOW_CTX_DAG_OWNER='student' AIRFLOW_CTX_DAG_ID='mongo_dag' AIRFLOW_CTX_TASK_ID='check_data' AIRFLOW_CTX_EXECUTION_DATE='2026-03-05T11:03:11.820084+00:00' AIRFLOW_CTX_TRY_NUMBER='1' AIRFLOW_CTX_DAG_RUN_ID='manual__2026-03-05T11:03:11.820084+00:00'
[2026-03-05T11:03:44.657+0000] {taskinstance.py:430} INFO - ::endgroup::
[2026-03-05T11:03:44.681+0000] {logging_mixin.py:188} INFO - 
Данные в MongoDB:
[2026-03-05T11:03:44.698+0000] {logging_mixin.py:188} INFO -   user_sessions: 200
[2026-03-05T11:03:44.699+0000] {logging_mixin.py:188} INFO -   event_logs: 500
[2026-03-05T11:03:44.700+0000] {logging_mixin.py:188} INFO -   support_tickets: 50
[2026-03-05T11:03:44.701+0000] {logging_mixin.py:188} INFO -   user_recommendations: 50
[2026-03-05T11:03:44.701+0000] {logging_mixin.py:188} INFO -   moderation_queue: 30
[2026-03-05T11:03:44.702+0000] {python.py:237} INFO - Done. Returned value was: None
[2026-03-05T11:03:44.702+0000] {taskinstance.py:441} INFO - ::group::Post task execution logs
[2026-03-05T11:03:44.714+0000] {taskinstance.py:1206} INFO - Marking task as SUCCESS. dag_id=mongo_dag, task_id=check_data, run_id=manual__2026-03-05T11:03:11.820084+00:00, execution_date=20260305T110311, start_date=20260305T110344, end_date=20260305T110344
[2026-03-05T11:03:44.760+0000] {local_task_job_runner.py:243} INFO - Task exited with return code 0
[2026-03-05T11:03:44.777+0000] {taskinstance.py:3503} INFO - 0 downstream tasks scheduled from follow-on schedule check
[2026-03-05T11:03:44.779+0000] {local_task_job_runner.py:222} INFO - ::endgroup::
