[2026-03-05T11:04:58.858+0000] {local_task_job_runner.py:120} INFO - ::group::Pre task execution logs
[2026-03-05T11:04:58.882+0000] {taskinstance.py:2076} INFO - Dependencies all met for dep_context=non-requeueable deps ti=<TaskInstance: analytics_marts.check_marts manual__2026-03-05T11:04:18.157922+00:00 [queued]>
[2026-03-05T11:04:58.889+0000] {taskinstance.py:2076} INFO - Dependencies all met for dep_context=requeueable deps ti=<TaskInstance: analytics_marts.check_marts manual__2026-03-05T11:04:18.157922+00:00 [queued]>
[2026-03-05T11:04:58.889+0000] {taskinstance.py:2306} INFO - Starting attempt 1 of 2
[2026-03-05T11:04:58.898+0000] {taskinstance.py:2330} INFO - Executing <Task(PythonOperator): check_marts> on 2026-03-05 11:04:18.157922+00:00
[2026-03-05T11:04:58.904+0000] {standard_task_runner.py:90} INFO - Running: ['***', 'tasks', 'run', 'analytics_marts', 'check_marts', 'manual__2026-03-05T11:04:18.157922+00:00', '--job-id', '41', '--raw', '--subdir', 'DAGS_FOLDER/analytics_marts.py', '--cfg-path', '/tmp/tmpw16h5scb']
[2026-03-05T11:04:58.907+0000] {standard_task_runner.py:91} INFO - Job 41: Subtask check_marts
[2026-03-05T11:04:58.907+0000] {logging_mixin.py:188} WARNING - /home/***/.local/lib/python3.12/site-packages/***/task/task_runner/standard_task_runner.py:62 DeprecationWarning: This process (pid=728) is multi-threaded, use of fork() may lead to deadlocks in the child.
[2026-03-05T11:04:58.908+0000] {standard_task_runner.py:64} INFO - Started process 745 to run task
[2026-03-05T11:04:58.957+0000] {task_command.py:426} INFO - Running <TaskInstance: analytics_marts.check_marts manual__2026-03-05T11:04:18.157922+00:00 [running]> on host ad8b77f7a6a6
[2026-03-05T11:04:59.027+0000] {taskinstance.py:2648} INFO - Exporting env vars: AIRFLOW_CTX_DAG_OWNER='student' AIRFLOW_CTX_DAG_ID='analytics_marts' AIRFLOW_CTX_TASK_ID='check_marts' AIRFLOW_CTX_EXECUTION_DATE='2026-03-05T11:04:18.157922+00:00' AIRFLOW_CTX_TRY_NUMBER='1' AIRFLOW_CTX_DAG_RUN_ID='manual__2026-03-05T11:04:18.157922+00:00'
[2026-03-05T11:04:59.028+0000] {taskinstance.py:430} INFO - ::endgroup::
[2026-03-05T11:04:59.039+0000] {logging_mixin.py:188} INFO - 
Проверка витрин:
[2026-03-05T11:04:59.047+0000] {logging_mixin.py:188} INFO -   mart_user_activity: 49 записей
[2026-03-05T11:04:59.048+0000] {logging_mixin.py:188} INFO -   mart_support_stats: 4 записей
[2026-03-05T11:04:59.049+0000] {logging_mixin.py:188} INFO -   mart_issue_types: 5 записей
[2026-03-05T11:04:59.056+0000] {logging_mixin.py:188} INFO - 
Топ пользователей:
[2026-03-05T11:04:59.057+0000] {logging_mixin.py:188} INFO -   user_45: 8 сессий, 144.0 мин
[2026-03-05T11:04:59.057+0000] {logging_mixin.py:188} INFO -   user_39: 7 сессий, 246.0 мин
[2026-03-05T11:04:59.058+0000] {logging_mixin.py:188} INFO -   user_34: 7 сессий, 212.0 мин
[2026-03-05T11:04:59.058+0000] {logging_mixin.py:188} INFO -   user_40: 7 сессий, 212.0 мин
[2026-03-05T11:04:59.058+0000] {logging_mixin.py:188} INFO -   user_41: 7 сессий, 248.0 мин
[2026-03-05T11:04:59.060+0000] {logging_mixin.py:188} INFO - 
Статусы тикетов:
[2026-03-05T11:04:59.061+0000] {logging_mixin.py:188} INFO -   resolved: 16 шт, ср.7.6 ч
[2026-03-05T11:04:59.061+0000] {logging_mixin.py:188} INFO -   open: 14 шт, ср.21.0 ч
[2026-03-05T11:04:59.062+0000] {logging_mixin.py:188} INFO -   in_progress: 11 шт, ср.21.1 ч
[2026-03-05T11:04:59.062+0000] {logging_mixin.py:188} INFO -   closed: 9 шт, ср.28.3 ч
[2026-03-05T11:04:59.062+0000] {python.py:237} INFO - Done. Returned value was: None
[2026-03-05T11:04:59.063+0000] {taskinstance.py:441} INFO - ::group::Post task execution logs
[2026-03-05T11:04:59.072+0000] {taskinstance.py:1206} INFO - Marking task as SUCCESS. dag_id=analytics_marts, task_id=check_marts, run_id=manual__2026-03-05T11:04:18.157922+00:00, execution_date=20260305T110418, start_date=20260305T110458, end_date=20260305T110459
[2026-03-05T11:04:59.121+0000] {local_task_job_runner.py:243} INFO - Task exited with return code 0
[2026-03-05T11:04:59.137+0000] {taskinstance.py:3503} INFO - 0 downstream tasks scheduled from follow-on schedule check
[2026-03-05T11:04:59.138+0000] {local_task_job_runner.py:222} INFO - ::endgroup::
