[2026-03-05T11:04:37.464+0000] {local_task_job_runner.py:120} INFO - ::group::Pre task execution logs
[2026-03-05T11:04:37.489+0000] {taskinstance.py:2076} INFO - Dependencies all met for dep_context=non-requeueable deps ti=<TaskInstance: mongo_to_postgres.check_copy scheduled__2026-03-04T03:00:00+00:00 [queued]>
[2026-03-05T11:04:37.494+0000] {taskinstance.py:2076} INFO - Dependencies all met for dep_context=requeueable deps ti=<TaskInstance: mongo_to_postgres.check_copy scheduled__2026-03-04T03:00:00+00:00 [queued]>
[2026-03-05T11:04:37.495+0000] {taskinstance.py:2306} INFO - Starting attempt 1 of 2
[2026-03-05T11:04:37.504+0000] {taskinstance.py:2330} INFO - Executing <Task(PythonOperator): check_copy> on 2026-03-04 03:00:00+00:00
[2026-03-05T11:04:37.510+0000] {standard_task_runner.py:90} INFO - Running: ['***', 'tasks', 'run', 'mongo_to_postgres', 'check_copy', 'scheduled__2026-03-04T03:00:00+00:00', '--job-id', '34', '--raw', '--subdir', 'DAGS_FOLDER/mongo_to_postgres.py', '--cfg-path', '/tmp/tmp5_gxb894']
[2026-03-05T11:04:37.512+0000] {standard_task_runner.py:91} INFO - Job 34: Subtask check_copy
[2026-03-05T11:04:37.513+0000] {logging_mixin.py:188} WARNING - /home/***/.local/lib/python3.12/site-packages/***/task/task_runner/standard_task_runner.py:62 DeprecationWarning: This process (pid=602) is multi-threaded, use of fork() may lead to deadlocks in the child.
[2026-03-05T11:04:37.514+0000] {standard_task_runner.py:64} INFO - Started process 619 to run task
[2026-03-05T11:04:37.566+0000] {task_command.py:426} INFO - Running <TaskInstance: mongo_to_postgres.check_copy scheduled__2026-03-04T03:00:00+00:00 [running]> on host ad8b77f7a6a6
[2026-03-05T11:04:37.636+0000] {taskinstance.py:2648} INFO - Exporting env vars: AIRFLOW_CTX_DAG_OWNER='student' AIRFLOW_CTX_DAG_ID='mongo_to_postgres' AIRFLOW_CTX_TASK_ID='check_copy' AIRFLOW_CTX_EXECUTION_DATE='2026-03-04T03:00:00+00:00' AIRFLOW_CTX_TRY_NUMBER='1' AIRFLOW_CTX_DAG_RUN_ID='scheduled__2026-03-04T03:00:00+00:00'
[2026-03-05T11:04:37.637+0000] {taskinstance.py:430} INFO - ::endgroup::
[2026-03-05T11:04:37.648+0000] {logging_mixin.py:188} INFO - 
Данные в PostgreSQL:
[2026-03-05T11:04:37.657+0000] {logging_mixin.py:188} INFO -   user_sessions: 200
[2026-03-05T11:04:37.658+0000] {logging_mixin.py:188} INFO -   event_logs: 500
[2026-03-05T11:04:37.658+0000] {logging_mixin.py:188} INFO -   support_tickets: 50
[2026-03-05T11:04:37.659+0000] {logging_mixin.py:188} INFO -   user_recommendations: 50
[2026-03-05T11:04:37.659+0000] {logging_mixin.py:188} INFO -   moderation_queue: 30
[2026-03-05T11:04:37.660+0000] {logging_mixin.py:188} INFO - 
Последние копирования:
[2026-03-05T11:04:37.660+0000] {logging_mixin.py:188} INFO -   moderation_queue: 30 записей
[2026-03-05T11:04:37.661+0000] {logging_mixin.py:188} INFO -   user_recommendations: 50 записей
[2026-03-05T11:04:37.661+0000] {logging_mixin.py:188} INFO -   support_tickets: 50 записей
[2026-03-05T11:04:37.661+0000] {logging_mixin.py:188} INFO -   event_logs: 500 записей
[2026-03-05T11:04:37.661+0000] {logging_mixin.py:188} INFO -   user_sessions: 200 записей
[2026-03-05T11:04:37.662+0000] {python.py:237} INFO - Done. Returned value was: None
[2026-03-05T11:04:37.662+0000] {taskinstance.py:441} INFO - ::group::Post task execution logs
[2026-03-05T11:04:37.672+0000] {taskinstance.py:1206} INFO - Marking task as SUCCESS. dag_id=mongo_to_postgres, task_id=check_copy, run_id=scheduled__2026-03-04T03:00:00+00:00, execution_date=20260304T030000, start_date=20260305T110437, end_date=20260305T110437
[2026-03-05T11:04:37.687+0000] {local_task_job_runner.py:243} INFO - Task exited with return code 0
[2026-03-05T11:04:37.703+0000] {taskinstance.py:3503} INFO - 0 downstream tasks scheduled from follow-on schedule check
[2026-03-05T11:04:37.705+0000] {local_task_job_runner.py:222} INFO - ::endgroup::
